[0.070s] DEBUG:colcon:Command line arguments: ['/usr/bin/colcon', 'build', '--symlink-install']
[0.070s] DEBUG:colcon:Parsed command line arguments: Namespace(log_base=None, log_level=None, verb_name='build', build_base='build', install_base='install', merge_install=False, symlink_install=True, test_result_base=None, continue_on_error=False, executor='parallel', parallel_workers=8, event_handlers=None, ignore_user_meta=False, metas=['./colcon.meta'], base_paths=['.'], packages_ignore=None, packages_ignore_regex=None, paths=None, packages_up_to=None, packages_up_to_regex=None, packages_above=None, packages_above_and_dependencies=None, packages_above_depth=None, packages_select_by_dep=None, packages_skip_by_dep=None, packages_skip_up_to=None, packages_select_build_failed=False, packages_skip_build_finished=False, packages_select_test_failures=False, packages_skip_test_passed=False, packages_select=None, packages_skip=None, packages_select_regex=None, packages_skip_regex=None, packages_start=None, packages_end=None, allow_overriding=[], cmake_args=None, cmake_target=None, cmake_target_skip_unavailable=False, cmake_clean_cache=False, cmake_clean_first=False, cmake_force_configure=False, ament_cmake_args=None, catkin_cmake_args=None, catkin_skip_building_tests=False, verb_parser=<colcon_defaults.argument_parser.defaults.DefaultArgumentsDecorator object at 0x7bc6a097a060>, verb_extension=<colcon_core.verb.build.BuildVerb object at 0x7bc6a0aa2990>, main=<bound method BuildVerb.main of <colcon_core.verb.build.BuildVerb object at 0x7bc6a0aa2990>>)
[0.098s] Level 1:colcon.colcon_core.package_discovery:discover_packages(colcon_meta) check parameters
[0.098s] Level 1:colcon.colcon_core.package_discovery:discover_packages(recursive) check parameters
[0.098s] Level 1:colcon.colcon_core.package_discovery:discover_packages(ignore) check parameters
[0.098s] Level 1:colcon.colcon_core.package_discovery:discover_packages(path) check parameters
[0.098s] Level 1:colcon.colcon_core.package_discovery:discover_packages(colcon_meta) discover
[0.098s] Level 1:colcon.colcon_core.package_discovery:discover_packages(recursive) discover
[0.098s] INFO:colcon.colcon_core.package_discovery:Crawling recursively for packages in '/home/daniel-van-leeuwen/Robotic-Horse/ros2_ws'
[0.098s] Level 1:colcon.colcon_core.package_identification:_identify(.) by extensions ['ignore', 'ignore_ament_install']
[0.098s] Level 1:colcon.colcon_core.package_identification:_identify(.) by extension 'ignore'
[0.098s] Level 1:colcon.colcon_core.package_identification:_identify(.) by extension 'ignore_ament_install'
[0.098s] Level 1:colcon.colcon_core.package_identification:_identify(.) by extensions ['colcon_pkg']
[0.098s] Level 1:colcon.colcon_core.package_identification:_identify(.) by extension 'colcon_pkg'
[0.098s] Level 1:colcon.colcon_core.package_identification:_identify(.) by extensions ['colcon_meta']
[0.098s] Level 1:colcon.colcon_core.package_identification:_identify(.) by extension 'colcon_meta'
[0.098s] Level 1:colcon.colcon_core.package_identification:_identify(.) by extensions ['ros']
[0.098s] Level 1:colcon.colcon_core.package_identification:_identify(.) by extension 'ros'
[0.116s] Level 1:colcon.colcon_core.package_identification:_identify(.) by extensions ['cmake', 'python']
[0.116s] Level 1:colcon.colcon_core.package_identification:_identify(.) by extension 'cmake'
[0.116s] Level 1:colcon.colcon_core.package_identification:_identify(.) by extension 'python'
[0.116s] Level 1:colcon.colcon_core.package_identification:_identify(.) by extensions ['python_setup_py']
[0.116s] Level 1:colcon.colcon_core.package_identification:_identify(.) by extension 'python_setup_py'
[0.116s] Level 1:colcon.colcon_core.package_identification:_identify(build) by extensions ['ignore', 'ignore_ament_install']
[0.116s] Level 1:colcon.colcon_core.package_identification:_identify(build) by extension 'ignore'
[0.116s] Level 1:colcon.colcon_core.package_identification:_identify(build) ignored
[0.116s] Level 1:colcon.colcon_core.package_identification:_identify(install) by extensions ['ignore', 'ignore_ament_install']
[0.116s] Level 1:colcon.colcon_core.package_identification:_identify(install) by extension 'ignore'
[0.116s] Level 1:colcon.colcon_core.package_identification:_identify(install) ignored
[0.116s] Level 1:colcon.colcon_core.package_identification:_identify(log) by extensions ['ignore', 'ignore_ament_install']
[0.116s] Level 1:colcon.colcon_core.package_identification:_identify(log) by extension 'ignore'
[0.116s] Level 1:colcon.colcon_core.package_identification:_identify(log) ignored
[0.116s] Level 1:colcon.colcon_core.package_identification:_identify(src) by extensions ['ignore', 'ignore_ament_install']
[0.116s] Level 1:colcon.colcon_core.package_identification:_identify(src) by extension 'ignore'
[0.116s] Level 1:colcon.colcon_core.package_identification:_identify(src) by extension 'ignore_ament_install'
[0.116s] Level 1:colcon.colcon_core.package_identification:_identify(src) by extensions ['colcon_pkg']
[0.116s] Level 1:colcon.colcon_core.package_identification:_identify(src) by extension 'colcon_pkg'
[0.116s] Level 1:colcon.colcon_core.package_identification:_identify(src) by extensions ['colcon_meta']
[0.116s] Level 1:colcon.colcon_core.package_identification:_identify(src) by extension 'colcon_meta'
[0.116s] Level 1:colcon.colcon_core.package_identification:_identify(src) by extensions ['ros']
[0.116s] Level 1:colcon.colcon_core.package_identification:_identify(src) by extension 'ros'
[0.116s] Level 1:colcon.colcon_core.package_identification:_identify(src) by extensions ['cmake', 'python']
[0.116s] Level 1:colcon.colcon_core.package_identification:_identify(src) by extension 'cmake'
[0.117s] Level 1:colcon.colcon_core.package_identification:_identify(src) by extension 'python'
[0.117s] Level 1:colcon.colcon_core.package_identification:_identify(src) by extensions ['python_setup_py']
[0.117s] Level 1:colcon.colcon_core.package_identification:_identify(src) by extension 'python_setup_py'
[0.117s] Level 1:colcon.colcon_core.package_identification:_identify(src/robotic_horse_control) by extensions ['ignore', 'ignore_ament_install']
[0.117s] Level 1:colcon.colcon_core.package_identification:_identify(src/robotic_horse_control) by extension 'ignore'
[0.117s] Level 1:colcon.colcon_core.package_identification:_identify(src/robotic_horse_control) by extension 'ignore_ament_install'
[0.117s] Level 1:colcon.colcon_core.package_identification:_identify(src/robotic_horse_control) by extensions ['colcon_pkg']
[0.117s] Level 1:colcon.colcon_core.package_identification:_identify(src/robotic_horse_control) by extension 'colcon_pkg'
[0.117s] Level 1:colcon.colcon_core.package_identification:_identify(src/robotic_horse_control) by extensions ['colcon_meta']
[0.117s] Level 1:colcon.colcon_core.package_identification:_identify(src/robotic_horse_control) by extension 'colcon_meta'
[0.117s] Level 1:colcon.colcon_core.package_identification:_identify(src/robotic_horse_control) by extensions ['ros']
[0.117s] Level 1:colcon.colcon_core.package_identification:_identify(src/robotic_horse_control) by extension 'ros'
[0.119s] DEBUG:colcon.colcon_core.package_identification:Package 'src/robotic_horse_control' with type 'ros.ament_python' and name 'robotic_horse_control'
[0.119s] Level 1:colcon.colcon_core.package_identification:_identify(src/robotic_horse_description) by extensions ['ignore', 'ignore_ament_install']
[0.120s] Level 1:colcon.colcon_core.package_identification:_identify(src/robotic_horse_description) by extension 'ignore'
[0.120s] Level 1:colcon.colcon_core.package_identification:_identify(src/robotic_horse_description) by extension 'ignore_ament_install'
[0.120s] Level 1:colcon.colcon_core.package_identification:_identify(src/robotic_horse_description) by extensions ['colcon_pkg']
[0.120s] Level 1:colcon.colcon_core.package_identification:_identify(src/robotic_horse_description) by extension 'colcon_pkg'
[0.120s] Level 1:colcon.colcon_core.package_identification:_identify(src/robotic_horse_description) by extensions ['colcon_meta']
[0.120s] Level 1:colcon.colcon_core.package_identification:_identify(src/robotic_horse_description) by extension 'colcon_meta'
[0.120s] Level 1:colcon.colcon_core.package_identification:_identify(src/robotic_horse_description) by extensions ['ros']
[0.120s] Level 1:colcon.colcon_core.package_identification:_identify(src/robotic_horse_description) by extension 'ros'
[0.120s] DEBUG:colcon.colcon_core.package_identification:Package 'src/robotic_horse_description' with type 'ros.ament_cmake' and name 'robotic_horse_description'
[0.120s] Level 1:colcon.colcon_core.package_discovery:discover_packages(recursive) using defaults
[0.120s] Level 1:colcon.colcon_core.package_discovery:discover_packages(ignore) discover
[0.120s] Level 1:colcon.colcon_core.package_discovery:discover_packages(ignore) using defaults
[0.120s] Level 1:colcon.colcon_core.package_discovery:discover_packages(path) discover
[0.120s] Level 1:colcon.colcon_core.package_discovery:discover_packages(path) using defaults
[0.140s] Level 1:colcon.colcon_core.package_discovery:discover_packages(prefix_path) check parameters
[0.140s] Level 1:colcon.colcon_core.package_discovery:discover_packages(prefix_path) discover
[0.144s] DEBUG:colcon.colcon_installed_package_information.package_discovery:Found 342 installed packages in /opt/ros/jazzy
[0.145s] Level 1:colcon.colcon_core.package_discovery:discover_packages(prefix_path) using defaults
[0.186s] Level 5:colcon.colcon_core.verb:set package 'robotic_horse_description' build argument 'cmake_args' from command line to 'None'
[0.186s] Level 5:colcon.colcon_core.verb:set package 'robotic_horse_description' build argument 'cmake_target' from command line to 'None'
[0.186s] Level 5:colcon.colcon_core.verb:set package 'robotic_horse_description' build argument 'cmake_target_skip_unavailable' from command line to 'False'
[0.186s] Level 5:colcon.colcon_core.verb:set package 'robotic_horse_description' build argument 'cmake_clean_cache' from command line to 'False'
[0.186s] Level 5:colcon.colcon_core.verb:set package 'robotic_horse_description' build argument 'cmake_clean_first' from command line to 'False'
[0.186s] Level 5:colcon.colcon_core.verb:set package 'robotic_horse_description' build argument 'cmake_force_configure' from command line to 'False'
[0.186s] Level 5:colcon.colcon_core.verb:set package 'robotic_horse_description' build argument 'ament_cmake_args' from command line to 'None'
[0.186s] Level 5:colcon.colcon_core.verb:set package 'robotic_horse_description' build argument 'catkin_cmake_args' from command line to 'None'
[0.186s] Level 5:colcon.colcon_core.verb:set package 'robotic_horse_description' build argument 'catkin_skip_building_tests' from command line to 'False'
[0.186s] DEBUG:colcon.colcon_core.verb:Building package 'robotic_horse_description' with the following arguments: {'ament_cmake_args': None, 'build_base': '/home/daniel-van-leeuwen/Robotic-Horse/ros2_ws/build/robotic_horse_description', 'catkin_cmake_args': None, 'catkin_skip_building_tests': False, 'cmake_args': None, 'cmake_clean_cache': False, 'cmake_clean_first': False, 'cmake_force_configure': False, 'cmake_target': None, 'cmake_target_skip_unavailable': False, 'install_base': '/home/daniel-van-leeuwen/Robotic-Horse/ros2_ws/install/robotic_horse_description', 'merge_install': False, 'path': '/home/daniel-van-leeuwen/Robotic-Horse/ros2_ws/src/robotic_horse_description', 'symlink_install': True, 'test_result_base': None}
[0.186s] Level 5:colcon.colcon_core.verb:set package 'robotic_horse_control' build argument 'cmake_args' from command line to 'None'
[0.186s] Level 5:colcon.colcon_core.verb:set package 'robotic_horse_control' build argument 'cmake_target' from command line to 'None'
[0.186s] Level 5:colcon.colcon_core.verb:set package 'robotic_horse_control' build argument 'cmake_target_skip_unavailable' from command line to 'False'
[0.186s] Level 5:colcon.colcon_core.verb:set package 'robotic_horse_control' build argument 'cmake_clean_cache' from command line to 'False'
[0.186s] Level 5:colcon.colcon_core.verb:set package 'robotic_horse_control' build argument 'cmake_clean_first' from command line to 'False'
[0.186s] Level 5:colcon.colcon_core.verb:set package 'robotic_horse_control' build argument 'cmake_force_configure' from command line to 'False'
[0.186s] Level 5:colcon.colcon_core.verb:set package 'robotic_horse_control' build argument 'ament_cmake_args' from command line to 'None'
[0.186s] Level 5:colcon.colcon_core.verb:set package 'robotic_horse_control' build argument 'catkin_cmake_args' from command line to 'None'
[0.187s] Level 5:colcon.colcon_core.verb:set package 'robotic_horse_control' build argument 'catkin_skip_building_tests' from command line to 'False'
[0.187s] DEBUG:colcon.colcon_core.verb:Building package 'robotic_horse_control' with the following arguments: {'ament_cmake_args': None, 'build_base': '/home/daniel-van-leeuwen/Robotic-Horse/ros2_ws/build/robotic_horse_control', 'catkin_cmake_args': None, 'catkin_skip_building_tests': False, 'cmake_args': None, 'cmake_clean_cache': False, 'cmake_clean_first': False, 'cmake_force_configure': False, 'cmake_target': None, 'cmake_target_skip_unavailable': False, 'install_base': '/home/daniel-van-leeuwen/Robotic-Horse/ros2_ws/install/robotic_horse_control', 'merge_install': False, 'path': '/home/daniel-van-leeuwen/Robotic-Horse/ros2_ws/src/robotic_horse_control', 'symlink_install': True, 'test_result_base': None}
[0.187s] INFO:colcon.colcon_core.executor:Executing jobs using 'parallel' executor
[0.187s] DEBUG:colcon.colcon_parallel_executor.executor.parallel:run_until_complete
[0.187s] INFO:colcon.colcon_ros.task.ament_cmake.build:Building ROS package in '/home/daniel-van-leeuwen/Robotic-Horse/ros2_ws/src/robotic_horse_description' with build type 'ament_cmake'
[0.187s] INFO:colcon.colcon_cmake.task.cmake.build:Building CMake package in '/home/daniel-van-leeuwen/Robotic-Horse/ros2_ws/src/robotic_horse_description'
[0.189s] INFO:colcon.colcon_core.plugin_system:Skipping extension 'colcon_core.shell.bat': Not used on non-Windows systems
[0.189s] INFO:colcon.colcon_core.shell:Skip shell extension 'powershell' for command environment: Not usable outside of PowerShell
[0.189s] DEBUG:colcon.colcon_core.shell:Skip shell extension 'dsv' for command environment
[0.194s] DEBUG:colcon.colcon_core.event_handler.log_command:Invoking command in '/home/daniel-van-leeuwen/Robotic-Horse/ros2_ws/build/robotic_horse_description': CMAKE_PREFIX_PATH=${CMAKE_PREFIX_PATH}:/opt/ros/jazzy DEBUGINFOD_URLS=https://debuginfod.ubuntu.com /usr/bin/cmake --build /home/daniel-van-leeuwen/Robotic-Horse/ros2_ws/build/robotic_horse_description -- -j8 -l8
[0.437s] DEBUG:colcon.colcon_core.event_handler.log_command:Invoked command in '/home/daniel-van-leeuwen/Robotic-Horse/ros2_ws/build/robotic_horse_description' returned '0': CMAKE_PREFIX_PATH=${CMAKE_PREFIX_PATH}:/opt/ros/jazzy DEBUGINFOD_URLS=https://debuginfod.ubuntu.com /usr/bin/cmake --build /home/daniel-van-leeuwen/Robotic-Horse/ros2_ws/build/robotic_horse_description -- -j8 -l8
[0.444s] DEBUG:colcon.colcon_core.event_handler.log_command:Invoking command in '/home/daniel-van-leeuwen/Robotic-Horse/ros2_ws/build/robotic_horse_description': CMAKE_PREFIX_PATH=${CMAKE_PREFIX_PATH}:/opt/ros/jazzy DEBUGINFOD_URLS=https://debuginfod.ubuntu.com /usr/bin/cmake --install /home/daniel-van-leeuwen/Robotic-Horse/ros2_ws/build/robotic_horse_description
[0.553s] Level 1:colcon.colcon_core.environment:create_environment_scripts_only(robotic_horse_description)
[0.553s] DEBUG:colcon.colcon_core.event_handler.log_command:Invoked command in '/home/daniel-van-leeuwen/Robotic-Horse/ros2_ws/build/robotic_horse_description' returned '0': CMAKE_PREFIX_PATH=${CMAKE_PREFIX_PATH}:/opt/ros/jazzy DEBUGINFOD_URLS=https://debuginfod.ubuntu.com /usr/bin/cmake --install /home/daniel-van-leeuwen/Robotic-Horse/ros2_ws/build/robotic_horse_description
[0.554s] Level 1:colcon.colcon_core.environment:checking '/home/daniel-van-leeuwen/Robotic-Horse/ros2_ws/install/robotic_horse_description' for CMake module files
[0.555s] Level 1:colcon.colcon_core.environment:checking '/home/daniel-van-leeuwen/Robotic-Horse/ros2_ws/install/robotic_horse_description' for CMake config files
[0.555s] Level 1:colcon.colcon_core.shell:create_environment_hook('robotic_horse_description', 'cmake_prefix_path')
[0.555s] INFO:colcon.colcon_core.shell:Creating environment hook '/home/daniel-van-leeuwen/Robotic-Horse/ros2_ws/install/robotic_horse_description/share/robotic_horse_description/hook/cmake_prefix_path.ps1'
[0.555s] INFO:colcon.colcon_core.shell:Creating environment descriptor '/home/daniel-van-leeuwen/Robotic-Horse/ros2_ws/install/robotic_horse_description/share/robotic_horse_description/hook/cmake_prefix_path.dsv'
[0.556s] INFO:colcon.colcon_core.shell:Creating environment hook '/home/daniel-van-leeuwen/Robotic-Horse/ros2_ws/install/robotic_horse_description/share/robotic_horse_description/hook/cmake_prefix_path.sh'
[0.556s] Level 1:colcon.colcon_core.environment:checking '/home/daniel-van-leeuwen/Robotic-Horse/ros2_ws/install/robotic_horse_description/bin'
[0.556s] Level 1:colcon.colcon_core.environment:checking '/home/daniel-van-leeuwen/Robotic-Horse/ros2_ws/install/robotic_horse_description/lib/pkgconfig/robotic_horse_description.pc'
[0.556s] Level 1:colcon.colcon_core.environment:checking '/home/daniel-van-leeuwen/Robotic-Horse/ros2_ws/install/robotic_horse_description/lib/python3.12/site-packages'
[0.556s] Level 1:colcon.colcon_core.environment:checking '/home/daniel-van-leeuwen/Robotic-Horse/ros2_ws/install/robotic_horse_description/bin'
[0.557s] INFO:colcon.colcon_core.shell:Creating package script '/home/daniel-van-leeuwen/Robotic-Horse/ros2_ws/install/robotic_horse_description/share/robotic_horse_description/package.ps1'
[0.557s] INFO:colcon.colcon_core.shell:Creating package descriptor '/home/daniel-van-leeuwen/Robotic-Horse/ros2_ws/install/robotic_horse_description/share/robotic_horse_description/package.dsv'
[0.558s] INFO:colcon.colcon_core.shell:Creating package script '/home/daniel-van-leeuwen/Robotic-Horse/ros2_ws/install/robotic_horse_description/share/robotic_horse_description/package.sh'
[0.558s] INFO:colcon.colcon_core.shell:Creating package script '/home/daniel-van-leeuwen/Robotic-Horse/ros2_ws/install/robotic_horse_description/share/robotic_horse_description/package.bash'
[0.559s] INFO:colcon.colcon_core.shell:Creating package script '/home/daniel-van-leeuwen/Robotic-Horse/ros2_ws/install/robotic_horse_description/share/robotic_horse_description/package.zsh'
[0.559s] Level 1:colcon.colcon_core.environment:create_file_with_runtime_dependencies(/home/daniel-van-leeuwen/Robotic-Horse/ros2_ws/install/robotic_horse_description/share/colcon-core/packages/robotic_horse_description)
[0.560s] Level 1:colcon.colcon_core.environment:create_environment_scripts_only(robotic_horse_description)
[0.560s] Level 1:colcon.colcon_core.environment:checking '/home/daniel-van-leeuwen/Robotic-Horse/ros2_ws/install/robotic_horse_description' for CMake module files
[0.560s] Level 1:colcon.colcon_core.environment:checking '/home/daniel-van-leeuwen/Robotic-Horse/ros2_ws/install/robotic_horse_description' for CMake config files
[0.560s] Level 1:colcon.colcon_core.shell:create_environment_hook('robotic_horse_description', 'cmake_prefix_path')
[0.560s] INFO:colcon.colcon_core.shell:Creating environment hook '/home/daniel-van-leeuwen/Robotic-Horse/ros2_ws/install/robotic_horse_description/share/robotic_horse_description/hook/cmake_prefix_path.ps1'
[0.561s] INFO:colcon.colcon_core.shell:Creating environment descriptor '/home/daniel-van-leeuwen/Robotic-Horse/ros2_ws/install/robotic_horse_description/share/robotic_horse_description/hook/cmake_prefix_path.dsv'
[0.561s] INFO:colcon.colcon_core.shell:Creating environment hook '/home/daniel-van-leeuwen/Robotic-Horse/ros2_ws/install/robotic_horse_description/share/robotic_horse_description/hook/cmake_prefix_path.sh'
[0.561s] Level 1:colcon.colcon_core.environment:checking '/home/daniel-van-leeuwen/Robotic-Horse/ros2_ws/install/robotic_horse_description/bin'
[0.562s] Level 1:colcon.colcon_core.environment:checking '/home/daniel-van-leeuwen/Robotic-Horse/ros2_ws/install/robotic_horse_description/lib/pkgconfig/robotic_horse_description.pc'
[0.562s] Level 1:colcon.colcon_core.environment:checking '/home/daniel-van-leeuwen/Robotic-Horse/ros2_ws/install/robotic_horse_description/lib/python3.12/site-packages'
[0.562s] Level 1:colcon.colcon_core.environment:checking '/home/daniel-van-leeuwen/Robotic-Horse/ros2_ws/install/robotic_horse_description/bin'
[0.562s] INFO:colcon.colcon_core.shell:Creating package script '/home/daniel-van-leeuwen/Robotic-Horse/ros2_ws/install/robotic_horse_description/share/robotic_horse_description/package.ps1'
[0.565s] INFO:colcon.colcon_core.shell:Creating package descriptor '/home/daniel-van-leeuwen/Robotic-Horse/ros2_ws/install/robotic_horse_description/share/robotic_horse_description/package.dsv'
[0.565s] INFO:colcon.colcon_core.shell:Creating package script '/home/daniel-van-leeuwen/Robotic-Horse/ros2_ws/install/robotic_horse_description/share/robotic_horse_description/package.sh'
[0.566s] INFO:colcon.colcon_core.shell:Creating package script '/home/daniel-van-leeuwen/Robotic-Horse/ros2_ws/install/robotic_horse_description/share/robotic_horse_description/package.bash'
[0.566s] INFO:colcon.colcon_core.shell:Creating package script '/home/daniel-van-leeuwen/Robotic-Horse/ros2_ws/install/robotic_horse_description/share/robotic_horse_description/package.zsh'
[0.566s] Level 1:colcon.colcon_core.environment:create_file_with_runtime_dependencies(/home/daniel-van-leeuwen/Robotic-Horse/ros2_ws/install/robotic_horse_description/share/colcon-core/packages/robotic_horse_description)
[0.567s] INFO:colcon.colcon_ros.task.ament_python.build:Building ROS package in '/home/daniel-van-leeuwen/Robotic-Horse/ros2_ws/src/robotic_horse_control' with build type 'ament_python'
[0.567s] Level 1:colcon.colcon_core.shell:create_environment_hook('robotic_horse_control', 'ament_prefix_path')
[0.567s] INFO:colcon.colcon_core.shell:Creating environment hook '/home/daniel-van-leeuwen/Robotic-Horse/ros2_ws/install/robotic_horse_control/share/robotic_horse_control/hook/ament_prefix_path.ps1'
[0.567s] INFO:colcon.colcon_core.shell:Creating environment descriptor '/home/daniel-van-leeuwen/Robotic-Horse/ros2_ws/install/robotic_horse_control/share/robotic_horse_control/hook/ament_prefix_path.dsv'
[0.568s] INFO:colcon.colcon_core.shell:Creating environment hook '/home/daniel-van-leeuwen/Robotic-Horse/ros2_ws/install/robotic_horse_control/share/robotic_horse_control/hook/ament_prefix_path.sh'
[0.568s] INFO:colcon.colcon_core.shell:Skip shell extension 'powershell' for command environment: Not usable outside of PowerShell
[0.568s] DEBUG:colcon.colcon_core.shell:Skip shell extension 'dsv' for command environment
[0.709s] INFO:colcon.colcon_core.task.python.build:Building Python package in '/home/daniel-van-leeuwen/Robotic-Horse/ros2_ws/src/robotic_horse_control'
[0.709s] INFO:colcon.colcon_core.shell:Skip shell extension 'powershell' for command environment: Not usable outside of PowerShell
[0.709s] DEBUG:colcon.colcon_core.shell:Skip shell extension 'dsv' for command environment
[1.199s] DEBUG:colcon.colcon_core.event_handler.log_command:Invoking command in '/home/daniel-van-leeuwen/Robotic-Horse/ros2_ws/build/robotic_horse_control': AMENT_PREFIX_PATH=/home/daniel-van-leeuwen/Robotic-Horse/ros2_ws/install/robotic_horse_description:${AMENT_PREFIX_PATH} CMAKE_PREFIX_PATH=/home/daniel-van-leeuwen/Robotic-Horse/ros2_ws/install/robotic_horse_description:${CMAKE_PREFIX_PATH} DEBUGINFOD_URLS=https://debuginfod.ubuntu.com PYTHONPATH=/home/daniel-van-leeuwen/Robotic-Horse/ros2_ws/build/robotic_horse_control/prefix_override:/usr/lib/python3/dist-packages/colcon_core/task/python/colcon_distutils_commands:/home/daniel-van-leeuwen/Robotic-Horse/ros2_ws/install/robotic_horse_control/lib/python3.12/site-packages:${PYTHONPATH} /usr/bin/python3 -W ignore:setup.py install is deprecated -W ignore:easy_install command is deprecated setup.py develop --editable --build-directory /home/daniel-van-leeuwen/Robotic-Horse/ros2_ws/build/robotic_horse_control/build --no-deps symlink_data
[1.625s] Level 1:colcon.colcon_core.shell:create_environment_hook('robotic_horse_control', 'pythonpath_develop')
[1.625s] INFO:colcon.colcon_core.shell:Creating environment hook '/home/daniel-van-leeuwen/Robotic-Horse/ros2_ws/build/robotic_horse_control/share/robotic_horse_control/hook/pythonpath_develop.ps1'
[1.625s] DEBUG:colcon.colcon_core.event_handler.log_command:Invoked command in '/home/daniel-van-leeuwen/Robotic-Horse/ros2_ws/build/robotic_horse_control' returned '0': AMENT_PREFIX_PATH=/home/daniel-van-leeuwen/Robotic-Horse/ros2_ws/install/robotic_horse_description:${AMENT_PREFIX_PATH} CMAKE_PREFIX_PATH=/home/daniel-van-leeuwen/Robotic-Horse/ros2_ws/install/robotic_horse_description:${CMAKE_PREFIX_PATH} DEBUGINFOD_URLS=https://debuginfod.ubuntu.com PYTHONPATH=/home/daniel-van-leeuwen/Robotic-Horse/ros2_ws/build/robotic_horse_control/prefix_override:/usr/lib/python3/dist-packages/colcon_core/task/python/colcon_distutils_commands:/home/daniel-van-leeuwen/Robotic-Horse/ros2_ws/install/robotic_horse_control/lib/python3.12/site-packages:${PYTHONPATH} /usr/bin/python3 -W ignore:setup.py install is deprecated -W ignore:easy_install command is deprecated setup.py develop --editable --build-directory /home/daniel-van-leeuwen/Robotic-Horse/ros2_ws/build/robotic_horse_control/build --no-deps symlink_data
[1.626s] INFO:colcon.colcon_core.shell:Creating environment descriptor '/home/daniel-van-leeuwen/Robotic-Horse/ros2_ws/build/robotic_horse_control/share/robotic_horse_control/hook/pythonpath_develop.dsv'
[1.626s] INFO:colcon.colcon_core.shell:Creating environment hook '/home/daniel-van-leeuwen/Robotic-Horse/ros2_ws/build/robotic_horse_control/share/robotic_horse_control/hook/pythonpath_develop.sh'
[1.626s] Level 1:colcon.colcon_core.environment:checking '/home/daniel-van-leeuwen/Robotic-Horse/ros2_ws/install/robotic_horse_control' for CMake module files
[1.626s] Level 1:colcon.colcon_core.environment:checking '/home/daniel-van-leeuwen/Robotic-Horse/ros2_ws/install/robotic_horse_control' for CMake config files
[1.627s] Level 1:colcon.colcon_core.environment:checking '/home/daniel-van-leeuwen/Robotic-Horse/ros2_ws/install/robotic_horse_control/lib'
[1.627s] Level 1:colcon.colcon_core.environment:checking '/home/daniel-van-leeuwen/Robotic-Horse/ros2_ws/install/robotic_horse_control/bin'
[1.627s] Level 1:colcon.colcon_core.environment:checking '/home/daniel-van-leeuwen/Robotic-Horse/ros2_ws/install/robotic_horse_control/lib/pkgconfig/robotic_horse_control.pc'
[1.627s] Level 1:colcon.colcon_core.environment:checking '/home/daniel-van-leeuwen/Robotic-Horse/ros2_ws/install/robotic_horse_control/lib/python3.12/site-packages'
[1.627s] Level 1:colcon.colcon_core.shell:create_environment_hook('robotic_horse_control', 'pythonpath')
[1.627s] INFO:colcon.colcon_core.shell:Creating environment hook '/home/daniel-van-leeuwen/Robotic-Horse/ros2_ws/install/robotic_horse_control/share/robotic_horse_control/hook/pythonpath.ps1'
[1.628s] INFO:colcon.colcon_core.shell:Creating environment descriptor '/home/daniel-van-leeuwen/Robotic-Horse/ros2_ws/install/robotic_horse_control/share/robotic_horse_control/hook/pythonpath.dsv'
[1.628s] INFO:colcon.colcon_core.shell:Creating environment hook '/home/daniel-van-leeuwen/Robotic-Horse/ros2_ws/install/robotic_horse_control/share/robotic_horse_control/hook/pythonpath.sh'
[1.628s] Level 1:colcon.colcon_core.environment:checking '/home/daniel-van-leeuwen/Robotic-Horse/ros2_ws/install/robotic_horse_control/bin'
[1.628s] Level 1:colcon.colcon_core.environment:create_environment_scripts_only(robotic_horse_control)
[1.628s] INFO:colcon.colcon_core.shell:Creating package script '/home/daniel-van-leeuwen/Robotic-Horse/ros2_ws/install/robotic_horse_control/share/robotic_horse_control/package.ps1'
[1.629s] INFO:colcon.colcon_core.shell:Creating package descriptor '/home/daniel-van-leeuwen/Robotic-Horse/ros2_ws/install/robotic_horse_control/share/robotic_horse_control/package.dsv'
[1.629s] INFO:colcon.colcon_core.shell:Creating package script '/home/daniel-van-leeuwen/Robotic-Horse/ros2_ws/install/robotic_horse_control/share/robotic_horse_control/package.sh'
[1.629s] INFO:colcon.colcon_core.shell:Creating package script '/home/daniel-van-leeuwen/Robotic-Horse/ros2_ws/install/robotic_horse_control/share/robotic_horse_control/package.bash'
[1.630s] INFO:colcon.colcon_core.shell:Creating package script '/home/daniel-van-leeuwen/Robotic-Horse/ros2_ws/install/robotic_horse_control/share/robotic_horse_control/package.zsh'
[1.630s] Level 1:colcon.colcon_core.environment:create_file_with_runtime_dependencies(/home/daniel-van-leeuwen/Robotic-Horse/ros2_ws/install/robotic_horse_control/share/colcon-core/packages/robotic_horse_control)
[1.630s] DEBUG:colcon.colcon_parallel_executor.executor.parallel:closing loop
[1.630s] DEBUG:colcon.colcon_parallel_executor.executor.parallel:loop closed
[1.630s] DEBUG:colcon.colcon_parallel_executor.executor.parallel:run_until_complete finished with '0'
[1.630s] DEBUG:colcon.colcon_core.event_reactor:joining thread
[1.634s] INFO:colcon.colcon_core.plugin_system:Skipping extension 'colcon_notification.desktop_notification.terminal_notifier': Not used on non-Darwin systems
[1.634s] INFO:colcon.colcon_core.plugin_system:Skipping extension 'colcon_notification.desktop_notification.win32': Not used on non-Windows systems
[1.634s] INFO:colcon.colcon_notification.desktop_notification:Sending desktop notification using 'notify2'
[1.642s] DEBUG:colcon.colcon_core.event_reactor:joined thread
[1.642s] INFO:colcon.colcon_core.shell:Creating prefix script '/home/daniel-van-leeuwen/Robotic-Horse/ros2_ws/install/local_setup.ps1'
[1.643s] INFO:colcon.colcon_core.shell:Creating prefix util module '/home/daniel-van-leeuwen/Robotic-Horse/ros2_ws/install/_local_setup_util_ps1.py'
[1.643s] INFO:colcon.colcon_core.shell:Creating prefix chain script '/home/daniel-van-leeuwen/Robotic-Horse/ros2_ws/install/setup.ps1'
[1.644s] INFO:colcon.colcon_core.shell:Creating prefix script '/home/daniel-van-leeuwen/Robotic-Horse/ros2_ws/install/local_setup.sh'
[1.644s] INFO:colcon.colcon_core.shell:Creating prefix util module '/home/daniel-van-leeuwen/Robotic-Horse/ros2_ws/install/_local_setup_util_sh.py'
[1.645s] INFO:colcon.colcon_core.shell:Creating prefix chain script '/home/daniel-van-leeuwen/Robotic-Horse/ros2_ws/install/setup.sh'
[1.645s] INFO:colcon.colcon_core.shell:Creating prefix script '/home/daniel-van-leeuwen/Robotic-Horse/ros2_ws/install/local_setup.bash'
[1.646s] INFO:colcon.colcon_core.shell:Creating prefix chain script '/home/daniel-van-leeuwen/Robotic-Horse/ros2_ws/install/setup.bash'
[1.646s] INFO:colcon.colcon_core.shell:Creating prefix script '/home/daniel-van-leeuwen/Robotic-Horse/ros2_ws/install/local_setup.zsh'
[1.646s] INFO:colcon.colcon_core.shell:Creating prefix chain script '/home/daniel-van-leeuwen/Robotic-Horse/ros2_ws/install/setup.zsh'
