[0.509s] Invoking command in '/home/daniel-van-leeuwen/Robotic-Horse/ros2_ws/src/robotic_horse_control': AMENT_PREFIX_PATH=/home/daniel-van-leeuwen/Robotic-Horse/ros2_ws/install/robotic_horse_description:${AMENT_PREFIX_PATH} CMAKE_PREFIX_PATH=/home/daniel-van-leeuwen/Robotic-Horse/ros2_ws/install/robotic_horse_description:${CMAKE_PREFIX_PATH} DEBUGINFOD_URLS=https://debuginfod.ubuntu.com PYTHONPATH=/home/daniel-van-leeuwen/Robotic-Horse/ros2_ws/build/robotic_horse_control/prefix_override:/usr/lib/python3/dist-packages/colcon_core/task/python/colcon_distutils_commands:/home/daniel-van-leeuwen/Robotic-Horse/ros2_ws/install/robotic_horse_control/lib/python3.12/site-packages:${PYTHONPATH} /usr/bin/python3 -W ignore:setup.py install is deprecated -W ignore:easy_install command is deprecated setup.py egg_info --egg-base ../../build/robotic_horse_control build --build-base /home/daniel-van-leeuwen/Robotic-Horse/ros2_ws/build/robotic_horse_control/build install --record /home/daniel-van-leeuwen/Robotic-Horse/ros2_ws/build/robotic_horse_control/install.log --single-version-externally-managed install_data
[0.674s] running egg_info
[0.686s] writing ../../build/robotic_horse_control/robotic_horse_control.egg-info/PKG-INFO
[0.686s] writing dependency_links to ../../build/robotic_horse_control/robotic_horse_control.egg-info/dependency_links.txt
[0.686s] writing entry points to ../../build/robotic_horse_control/robotic_horse_control.egg-info/entry_points.txt
[0.686s] writing requirements to ../../build/robotic_horse_control/robotic_horse_control.egg-info/requires.txt
[0.686s] writing top-level names to ../../build/robotic_horse_control/robotic_horse_control.egg-info/top_level.txt
[0.712s] reading manifest file '../../build/robotic_horse_control/robotic_horse_control.egg-info/SOURCES.txt'
[0.713s] writing manifest file '../../build/robotic_horse_control/robotic_horse_control.egg-info/SOURCES.txt'
[0.713s] running build
[0.713s] running build_py
[0.713s] copying robotic_horse_control/blendspace_node.py -> /home/daniel-van-leeuwen/Robotic-Horse/ros2_ws/build/robotic_horse_control/build/lib/robotic_horse_control
[0.713s] copying robotic_horse_control/teleop_key.py -> /home/daniel-van-leeuwen/Robotic-Horse/ros2_ws/build/robotic_horse_control/build/lib/robotic_horse_control
[0.713s] running install
[0.717s] running install_lib
[0.730s] copying /home/daniel-van-leeuwen/Robotic-Horse/ros2_ws/build/robotic_horse_control/build/lib/robotic_horse_control/blendspace_node.py -> /home/daniel-van-leeuwen/Robotic-Horse/ros2_ws/install/robotic_horse_control/lib/python3.12/site-packages/robotic_horse_control
[0.730s] copying /home/daniel-van-leeuwen/Robotic-Horse/ros2_ws/build/robotic_horse_control/build/lib/robotic_horse_control/teleop_key.py -> /home/daniel-van-leeuwen/Robotic-Horse/ros2_ws/install/robotic_horse_control/lib/python3.12/site-packages/robotic_horse_control
[0.730s] byte-compiling /home/daniel-van-leeuwen/Robotic-Horse/ros2_ws/install/robotic_horse_control/lib/python3.12/site-packages/robotic_horse_control/blendspace_node.py to blendspace_node.cpython-312.pyc
[0.733s] byte-compiling /home/daniel-van-leeuwen/Robotic-Horse/ros2_ws/install/robotic_horse_control/lib/python3.12/site-packages/robotic_horse_control/teleop_key.py to teleop_key.cpython-312.pyc
[0.734s] running install_data
[0.734s] copying launch/gazebo.launch.py -> /home/daniel-van-leeuwen/Robotic-Horse/ros2_ws/install/robotic_horse_control/share/robotic_horse_control/launch
[0.734s] running install_egg_info
[0.747s] removing '/home/daniel-van-leeuwen/Robotic-Horse/ros2_ws/install/robotic_horse_control/lib/python3.12/site-packages/robotic_horse_control-0.1.0-py3.12.egg-info' (and everything under it)
[0.747s] Copying ../../build/robotic_horse_control/robotic_horse_control.egg-info to /home/daniel-van-leeuwen/Robotic-Horse/ros2_ws/install/robotic_horse_control/lib/python3.12/site-packages/robotic_horse_control-0.1.0-py3.12.egg-info
[0.748s] running install_scripts
[0.830s] Installing blendspace_node script to /home/daniel-van-leeuwen/Robotic-Horse/ros2_ws/install/robotic_horse_control/lib/robotic_horse_control
[0.830s] Installing force_node script to /home/daniel-van-leeuwen/Robotic-Horse/ros2_ws/install/robotic_horse_control/lib/robotic_horse_control
[0.830s] Installing gait_node script to /home/daniel-van-leeuwen/Robotic-Horse/ros2_ws/install/robotic_horse_control/lib/robotic_horse_control
[0.830s] Installing teleop_key script to /home/daniel-van-leeuwen/Robotic-Horse/ros2_ws/install/robotic_horse_control/lib/robotic_horse_control
[0.830s] writing list of installed files to '/home/daniel-van-leeuwen/Robotic-Horse/ros2_ws/build/robotic_horse_control/install.log'
[0.848s] Invoked command in '/home/daniel-van-leeuwen/Robotic-Horse/ros2_ws/src/robotic_horse_control' returned '0': AMENT_PREFIX_PATH=/home/daniel-van-leeuwen/Robotic-Horse/ros2_ws/install/robotic_horse_description:${AMENT_PREFIX_PATH} CMAKE_PREFIX_PATH=/home/daniel-van-leeuwen/Robotic-Horse/ros2_ws/install/robotic_horse_description:${CMAKE_PREFIX_PATH} DEBUGINFOD_URLS=https://debuginfod.ubuntu.com PYTHONPATH=/home/daniel-van-leeuwen/Robotic-Horse/ros2_ws/build/robotic_horse_control/prefix_override:/usr/lib/python3/dist-packages/colcon_core/task/python/colcon_distutils_commands:/home/daniel-van-leeuwen/Robotic-Horse/ros2_ws/install/robotic_horse_control/lib/python3.12/site-packages:${PYTHONPATH} /usr/bin/python3 -W ignore:setup.py install is deprecated -W ignore:easy_install command is deprecated setup.py egg_info --egg-base ../../build/robotic_horse_control build --build-base /home/daniel-van-leeuwen/Robotic-Horse/ros2_ws/build/robotic_horse_control/build install --record /home/daniel-van-leeuwen/Robotic-Horse/ros2_ws/build/robotic_horse_control/install.log --single-version-externally-managed install_data
