[0.066s] DEBUG:colcon:Command line arguments: ['/usr/bin/colcon', 'build', '--symlink-install']
[0.066s] DEBUG:colcon:Parsed command line arguments: Namespace(log_base=None, log_level=None, verb_name='build', build_base='build', install_base='install', merge_install=False, symlink_install=True, test_result_base=None, continue_on_error=False, executor='parallel', parallel_workers=8, event_handlers=None, ignore_user_meta=False, metas=['./colcon.meta'], base_paths=['.'], packages_ignore=None, packages_ignore_regex=None, paths=None, packages_up_to=None, packages_up_to_regex=None, packages_above=None, packages_above_and_dependencies=None, packages_above_depth=None, packages_select_by_dep=None, packages_skip_by_dep=None, packages_skip_up_to=None, packages_select_build_failed=False, packages_skip_build_finished=False, packages_select_test_failures=False, packages_skip_test_passed=False, packages_select=None, packages_skip=None, packages_select_regex=None, packages_skip_regex=None, packages_start=None, packages_end=None, allow_overriding=[], cmake_args=None, cmake_target=None, cmake_target_skip_unavailable=False, cmake_clean_cache=False, cmake_clean_first=False, cmake_force_configure=False, ament_cmake_args=None, catkin_cmake_args=None, catkin_skip_building_tests=False, verb_parser=<colcon_defaults.argument_parser.defaults.DefaultArgumentsDecorator object at 0x794f6fa69a90>, verb_extension=<colcon_core.verb.build.BuildVerb object at 0x794f6fb92570>, main=<bound method BuildVerb.main of <colcon_core.verb.build.BuildVerb object at 0x794f6fb92570>>)
[0.090s] Level 1:colcon.colcon_core.package_discovery:discover_packages(colcon_meta) check parameters
[0.090s] Level 1:colcon.colcon_core.package_discovery:discover_packages(recursive) check parameters
[0.090s] Level 1:colcon.colcon_core.package_discovery:discover_packages(ignore) check parameters
[0.090s] Level 1:colcon.colcon_core.package_discovery:discover_packages(path) check parameters
[0.090s] Level 1:colcon.colcon_core.package_discovery:discover_packages(colcon_meta) discover
[0.090s] Level 1:colcon.colcon_core.package_discovery:discover_packages(recursive) discover
[0.090s] INFO:colcon.colcon_core.package_discovery:Crawling recursively for packages in '/home/daniel-van-leeuwen/Robotic-Horse/ros2_ws'
[0.090s] Level 1:colcon.colcon_core.package_identification:_identify(.) by extensions ['ignore', 'ignore_ament_install']
[0.090s] Level 1:colcon.colcon_core.package_identification:_identify(.) by extension 'ignore'
[0.090s] Level 1:colcon.colcon_core.package_identification:_identify(.) by extension 'ignore_ament_install'
[0.090s] Level 1:colcon.colcon_core.package_identification:_identify(.) by extensions ['colcon_pkg']
[0.090s] Level 1:colcon.colcon_core.package_identification:_identify(.) by extension 'colcon_pkg'
[0.090s] Level 1:colcon.colcon_core.package_identification:_identify(.) by extensions ['colcon_meta']
[0.090s] Level 1:colcon.colcon_core.package_identification:_identify(.) by extension 'colcon_meta'
[0.090s] Level 1:colcon.colcon_core.package_identification:_identify(.) by extensions ['ros']
[0.090s] Level 1:colcon.colcon_core.package_identification:_identify(.) by extension 'ros'
[0.106s] Level 1:colcon.colcon_core.package_identification:_identify(.) by extensions ['cmake', 'python']
[0.106s] Level 1:colcon.colcon_core.package_identification:_identify(.) by extension 'cmake'
[0.106s] Level 1:colcon.colcon_core.package_identification:_identify(.) by extension 'python'
[0.106s] Level 1:colcon.colcon_core.package_identification:_identify(.) by extensions ['python_setup_py']
[0.106s] Level 1:colcon.colcon_core.package_identification:_identify(.) by extension 'python_setup_py'
[0.106s] Level 1:colcon.colcon_core.package_identification:_identify(build) by extensions ['ignore', 'ignore_ament_install']
[0.106s] Level 1:colcon.colcon_core.package_identification:_identify(build) by extension 'ignore'
[0.106s] Level 1:colcon.colcon_core.package_identification:_identify(build) ignored
[0.106s] Level 1:colcon.colcon_core.package_identification:_identify(install) by extensions ['ignore', 'ignore_ament_install']
[0.106s] Level 1:colcon.colcon_core.package_identification:_identify(install) by extension 'ignore'
[0.106s] Level 1:colcon.colcon_core.package_identification:_identify(install) ignored
[0.106s] Level 1:colcon.colcon_core.package_identification:_identify(log) by extensions ['ignore', 'ignore_ament_install']
[0.106s] Level 1:colcon.colcon_core.package_identification:_identify(log) by extension 'ignore'
[0.106s] Level 1:colcon.colcon_core.package_identification:_identify(log) ignored
[0.107s] Level 1:colcon.colcon_core.package_identification:_identify(src) by extensions ['ignore', 'ignore_ament_install']
[0.107s] Level 1:colcon.colcon_core.package_identification:_identify(src) by extension 'ignore'
[0.107s] Level 1:colcon.colcon_core.package_identification:_identify(src) by extension 'ignore_ament_install'
[0.107s] Level 1:colcon.colcon_core.package_identification:_identify(src) by extensions ['colcon_pkg']
[0.107s] Level 1:colcon.colcon_core.package_identification:_identify(src) by extension 'colcon_pkg'
[0.107s] Level 1:colcon.colcon_core.package_identification:_identify(src) by extensions ['colcon_meta']
[0.107s] Level 1:colcon.colcon_core.package_identification:_identify(src) by extension 'colcon_meta'
[0.107s] Level 1:colcon.colcon_core.package_identification:_identify(src) by extensions ['ros']
[0.107s] Level 1:colcon.colcon_core.package_identification:_identify(src) by extension 'ros'
[0.107s] Level 1:colcon.colcon_core.package_identification:_identify(src) by extensions ['cmake', 'python']
[0.107s] Level 1:colcon.colcon_core.package_identification:_identify(src) by extension 'cmake'
[0.107s] Level 1:colcon.colcon_core.package_identification:_identify(src) by extension 'python'
[0.107s] Level 1:colcon.colcon_core.package_identification:_identify(src) by extensions ['python_setup_py']
[0.107s] Level 1:colcon.colcon_core.package_identification:_identify(src) by extension 'python_setup_py'
[0.107s] Level 1:colcon.colcon_core.package_identification:_identify(src/robotic_horse_control) by extensions ['ignore', 'ignore_ament_install']
[0.107s] Level 1:colcon.colcon_core.package_identification:_identify(src/robotic_horse_control) by extension 'ignore'
[0.107s] Level 1:colcon.colcon_core.package_identification:_identify(src/robotic_horse_control) by extension 'ignore_ament_install'
[0.107s] Level 1:colcon.colcon_core.package_identification:_identify(src/robotic_horse_control) by extensions ['colcon_pkg']
[0.107s] Level 1:colcon.colcon_core.package_identification:_identify(src/robotic_horse_control) by extension 'colcon_pkg'
[0.107s] Level 1:colcon.colcon_core.package_identification:_identify(src/robotic_horse_control) by extensions ['colcon_meta']
[0.107s] Level 1:colcon.colcon_core.package_identification:_identify(src/robotic_horse_control) by extension 'colcon_meta'
[0.107s] Level 1:colcon.colcon_core.package_identification:_identify(src/robotic_horse_control) by extensions ['ros']
[0.107s] Level 1:colcon.colcon_core.package_identification:_identify(src/robotic_horse_control) by extension 'ros'
[0.109s] DEBUG:colcon.colcon_core.package_identification:Package 'src/robotic_horse_control' with type 'ros.ament_python' and name 'robotic_horse_control'
[0.110s] Level 1:colcon.colcon_core.package_identification:_identify(src/robotic_horse_description) by extensions ['ignore', 'ignore_ament_install']
[0.110s] Level 1:colcon.colcon_core.package_identification:_identify(src/robotic_horse_description) by extension 'ignore'
[0.110s] Level 1:colcon.colcon_core.package_identification:_identify(src/robotic_horse_description) by extension 'ignore_ament_install'
[0.110s] Level 1:colcon.colcon_core.package_identification:_identify(src/robotic_horse_description) by extensions ['colcon_pkg']
[0.110s] Level 1:colcon.colcon_core.package_identification:_identify(src/robotic_horse_description) by extension 'colcon_pkg'
[0.110s] Level 1:colcon.colcon_core.package_identification:_identify(src/robotic_horse_description) by extensions ['colcon_meta']
[0.110s] Level 1:colcon.colcon_core.package_identification:_identify(src/robotic_horse_description) by extension 'colcon_meta'
[0.110s] Level 1:colcon.colcon_core.package_identification:_identify(src/robotic_horse_description) by extensions ['ros']
[0.110s] Level 1:colcon.colcon_core.package_identification:_identify(src/robotic_horse_description) by extension 'ros'
[0.110s] DEBUG:colcon.colcon_core.package_identification:Package 'src/robotic_horse_description' with type 'ros.ament_cmake' and name 'robotic_horse_description'
[0.110s] Level 1:colcon.colcon_core.package_discovery:discover_packages(recursive) using defaults
[0.110s] Level 1:colcon.colcon_core.package_discovery:discover_packages(ignore) discover
[0.110s] Level 1:colcon.colcon_core.package_discovery:discover_packages(ignore) using defaults
[0.110s] Level 1:colcon.colcon_core.package_discovery:discover_packages(path) discover
[0.110s] Level 1:colcon.colcon_core.package_discovery:discover_packages(path) using defaults
[0.121s] Level 1:colcon.colcon_core.package_discovery:discover_packages(prefix_path) check parameters
[0.121s] Level 1:colcon.colcon_core.package_discovery:discover_packages(prefix_path) discover
[0.123s] DEBUG:colcon.colcon_installed_package_information.package_discovery:Found 342 installed packages in /opt/ros/jazzy
[0.124s] Level 1:colcon.colcon_core.package_discovery:discover_packages(prefix_path) using defaults
[0.153s] Level 5:colcon.colcon_core.verb:set package 'robotic_horse_description' build argument 'cmake_args' from command line to 'None'
[0.153s] Level 5:colcon.colcon_core.verb:set package 'robotic_horse_description' build argument 'cmake_target' from command line to 'None'
[0.153s] Level 5:colcon.colcon_core.verb:set package 'robotic_horse_description' build argument 'cmake_target_skip_unavailable' from command line to 'False'
[0.153s] Level 5:colcon.colcon_core.verb:set package 'robotic_horse_description' build argument 'cmake_clean_cache' from command line to 'False'
[0.153s] Level 5:colcon.colcon_core.verb:set package 'robotic_horse_description' build argument 'cmake_clean_first' from command line to 'False'
[0.153s] Level 5:colcon.colcon_core.verb:set package 'robotic_horse_description' build argument 'cmake_force_configure' from command line to 'False'
[0.153s] Level 5:colcon.colcon_core.verb:set package 'robotic_horse_description' build argument 'ament_cmake_args' from command line to 'None'
[0.153s] Level 5:colcon.colcon_core.verb:set package 'robotic_horse_description' build argument 'catkin_cmake_args' from command line to 'None'
[0.153s] Level 5:colcon.colcon_core.verb:set package 'robotic_horse_description' build argument 'catkin_skip_building_tests' from command line to 'False'
[0.153s] DEBUG:colcon.colcon_core.verb:Building package 'robotic_horse_description' with the following arguments: {'ament_cmake_args': None, 'build_base': '/home/daniel-van-leeuwen/Robotic-Horse/ros2_ws/build/robotic_horse_description', 'catkin_cmake_args': None, 'catkin_skip_building_tests': False, 'cmake_args': None, 'cmake_clean_cache': False, 'cmake_clean_first': False, 'cmake_force_configure': False, 'cmake_target': None, 'cmake_target_skip_unavailable': False, 'install_base': '/home/daniel-van-leeuwen/Robotic-Horse/ros2_ws/install/robotic_horse_description', 'merge_install': False, 'path': '/home/daniel-van-leeuwen/Robotic-Horse/ros2_ws/src/robotic_horse_description', 'symlink_install': True, 'test_result_base': None}
[0.153s] Level 5:colcon.colcon_core.verb:set package 'robotic_horse_control' build argument 'cmake_args' from command line to 'None'
[0.153s] Level 5:colcon.colcon_core.verb:set package 'robotic_horse_control' build argument 'cmake_target' from command line to 'None'
[0.153s] Level 5:colcon.colcon_core.verb:set package 'robotic_horse_control' build argument 'cmake_target_skip_unavailable' from command line to 'False'
[0.153s] Level 5:colcon.colcon_core.verb:set package 'robotic_horse_control' build argument 'cmake_clean_cache' from command line to 'False'
[0.153s] Level 5:colcon.colcon_core.verb:set package 'robotic_horse_control' build argument 'cmake_clean_first' from command line to 'False'
[0.153s] Level 5:colcon.colcon_core.verb:set package 'robotic_horse_control' build argument 'cmake_force_configure' from command line to 'False'
[0.153s] Level 5:colcon.colcon_core.verb:set package 'robotic_horse_control' build argument 'ament_cmake_args' from command line to 'None'
[0.153s] Level 5:colcon.colcon_core.verb:set package 'robotic_horse_control' build argument 'catkin_cmake_args' from command line to 'None'
[0.153s] Level 5:colcon.colcon_core.verb:set package 'robotic_horse_control' build argument 'catkin_skip_building_tests' from command line to 'False'
[0.153s] DEBUG:colcon.colcon_core.verb:Building package 'robotic_horse_control' with the following arguments: {'ament_cmake_args': None, 'build_base': '/home/daniel-van-leeuwen/Robotic-Horse/ros2_ws/build/robotic_horse_control', 'catkin_cmake_args': None, 'catkin_skip_building_tests': False, 'cmake_args': None, 'cmake_clean_cache': False, 'cmake_clean_first': False, 'cmake_force_configure': False, 'cmake_target': None, 'cmake_target_skip_unavailable': False, 'install_base': '/home/daniel-van-leeuwen/Robotic-Horse/ros2_ws/install/robotic_horse_control', 'merge_install': False, 'path': '/home/daniel-van-leeuwen/Robotic-Horse/ros2_ws/src/robotic_horse_control', 'symlink_install': True, 'test_result_base': None}
[0.153s] INFO:colcon.colcon_core.executor:Executing jobs using 'parallel' executor
[0.154s] DEBUG:colcon.colcon_parallel_executor.executor.parallel:run_until_complete
[0.154s] INFO:colcon.colcon_ros.task.ament_cmake.build:Building ROS package in '/home/daniel-van-leeuwen/Robotic-Horse/ros2_ws/src/robotic_horse_description' with build type 'ament_cmake'
[0.154s] INFO:colcon.colcon_cmake.task.cmake.build:Building CMake package in '/home/daniel-van-leeuwen/Robotic-Horse/ros2_ws/src/robotic_horse_description'
[0.155s] INFO:colcon.colcon_core.plugin_system:Skipping extension 'colcon_core.shell.bat': Not used on non-Windows systems
[0.155s] INFO:colcon.colcon_core.shell:Skip shell extension 'powershell' for command environment: Not usable outside of PowerShell
[0.155s] DEBUG:colcon.colcon_core.shell:Skip shell extension 'dsv' for command environment
[0.161s] DEBUG:colcon.colcon_core.event_handler.log_command:Invoking command in '/home/daniel-van-leeuwen/Robotic-Horse/ros2_ws/build/robotic_horse_description': CMAKE_PREFIX_PATH=${CMAKE_PREFIX_PATH}:/opt/ros/jazzy DEBUGINFOD_URLS=https://debuginfod.ubuntu.com /usr/bin/cmake --build /home/daniel-van-leeuwen/Robotic-Horse/ros2_ws/build/robotic_horse_description -- -j8 -l8
[0.412s] DEBUG:colcon.colcon_core.event_handler.log_command:Invoked command in '/home/daniel-van-leeuwen/Robotic-Horse/ros2_ws/build/robotic_horse_description' returned '0': CMAKE_PREFIX_PATH=${CMAKE_PREFIX_PATH}:/opt/ros/jazzy DEBUGINFOD_URLS=https://debuginfod.ubuntu.com /usr/bin/cmake --build /home/daniel-van-leeuwen/Robotic-Horse/ros2_ws/build/robotic_horse_description -- -j8 -l8
[0.419s] DEBUG:colcon.colcon_core.event_handler.log_command:Invoking command in '/home/daniel-van-leeuwen/Robotic-Horse/ros2_ws/build/robotic_horse_description': CMAKE_PREFIX_PATH=${CMAKE_PREFIX_PATH}:/opt/ros/jazzy DEBUGINFOD_URLS=https://debuginfod.ubuntu.com /usr/bin/cmake --install /home/daniel-van-leeuwen/Robotic-Horse/ros2_ws/build/robotic_horse_description
[0.442s] Level 1:colcon.colcon_core.environment:create_environment_scripts_only(robotic_horse_description)
[0.442s] DEBUG:colcon.colcon_core.event_handler.log_command:Invoked command in '/home/daniel-van-leeuwen/Robotic-Horse/ros2_ws/build/robotic_horse_description' returned '0': CMAKE_PREFIX_PATH=${CMAKE_PREFIX_PATH}:/opt/ros/jazzy DEBUGINFOD_URLS=https://debuginfod.ubuntu.com /usr/bin/cmake --install /home/daniel-van-leeuwen/Robotic-Horse/ros2_ws/build/robotic_horse_description
[0.443s] Level 1:colcon.colcon_core.environment:checking '/home/daniel-van-leeuwen/Robotic-Horse/ros2_ws/install/robotic_horse_description' for CMake module files
[0.444s] Level 1:colcon.colcon_core.environment:checking '/home/daniel-van-leeuwen/Robotic-Horse/ros2_ws/install/robotic_horse_description' for CMake config files
[0.444s] Level 1:colcon.colcon_core.shell:create_environment_hook('robotic_horse_description', 'cmake_prefix_path')
[0.444s] INFO:colcon.colcon_core.shell:Creating environment hook '/home/daniel-van-leeuwen/Robotic-Horse/ros2_ws/install/robotic_horse_description/share/robotic_horse_description/hook/cmake_prefix_path.ps1'
[0.444s] INFO:colcon.colcon_core.shell:Creating environment descriptor '/home/daniel-van-leeuwen/Robotic-Horse/ros2_ws/install/robotic_horse_description/share/robotic_horse_description/hook/cmake_prefix_path.dsv'
[0.445s] INFO:colcon.colcon_core.shell:Creating environment hook '/home/daniel-van-leeuwen/Robotic-Horse/ros2_ws/install/robotic_horse_description/share/robotic_horse_description/hook/cmake_prefix_path.sh'
[0.445s] Level 1:colcon.colcon_core.environment:checking '/home/daniel-van-leeuwen/Robotic-Horse/ros2_ws/install/robotic_horse_description/bin'
[0.445s] Level 1:colcon.colcon_core.environment:checking '/home/daniel-van-leeuwen/Robotic-Horse/ros2_ws/install/robotic_horse_description/lib/pkgconfig/robotic_horse_description.pc'
[0.445s] Level 1:colcon.colcon_core.environment:checking '/home/daniel-van-leeuwen/Robotic-Horse/ros2_ws/install/robotic_horse_description/lib/python3.12/site-packages'
[0.445s] Level 1:colcon.colcon_core.environment:checking '/home/daniel-van-leeuwen/Robotic-Horse/ros2_ws/install/robotic_horse_description/bin'
[0.446s] INFO:colcon.colcon_core.shell:Creating package script '/home/daniel-van-leeuwen/Robotic-Horse/ros2_ws/install/robotic_horse_description/share/robotic_horse_description/package.ps1'
[0.446s] INFO:colcon.colcon_core.shell:Creating package descriptor '/home/daniel-van-leeuwen/Robotic-Horse/ros2_ws/install/robotic_horse_description/share/robotic_horse_description/package.dsv'
[0.447s] INFO:colcon.colcon_core.shell:Creating package script '/home/daniel-van-leeuwen/Robotic-Horse/ros2_ws/install/robotic_horse_description/share/robotic_horse_description/package.sh'
[0.447s] INFO:colcon.colcon_core.shell:Creating package script '/home/daniel-van-leeuwen/Robotic-Horse/ros2_ws/install/robotic_horse_description/share/robotic_horse_description/package.bash'
[0.447s] INFO:colcon.colcon_core.shell:Creating package script '/home/daniel-van-leeuwen/Robotic-Horse/ros2_ws/install/robotic_horse_description/share/robotic_horse_description/package.zsh'
[0.448s] Level 1:colcon.colcon_core.environment:create_file_with_runtime_dependencies(/home/daniel-van-leeuwen/Robotic-Horse/ros2_ws/install/robotic_horse_description/share/colcon-core/packages/robotic_horse_description)
[0.448s] Level 1:colcon.colcon_core.environment:create_environment_scripts_only(robotic_horse_description)
[0.448s] Level 1:colcon.colcon_core.environment:checking '/home/daniel-van-leeuwen/Robotic-Horse/ros2_ws/install/robotic_horse_description' for CMake module files
[0.448s] Level 1:colcon.colcon_core.environment:checking '/home/daniel-van-leeuwen/Robotic-Horse/ros2_ws/install/robotic_horse_description' for CMake config files
[0.448s] Level 1:colcon.colcon_core.shell:create_environment_hook('robotic_horse_description', 'cmake_prefix_path')
[0.449s] INFO:colcon.colcon_core.shell:Creating environment hook '/home/daniel-van-leeuwen/Robotic-Horse/ros2_ws/install/robotic_horse_description/share/robotic_horse_description/hook/cmake_prefix_path.ps1'
[0.449s] INFO:colcon.colcon_core.shell:Creating environment descriptor '/home/daniel-van-leeuwen/Robotic-Horse/ros2_ws/install/robotic_horse_description/share/robotic_horse_description/hook/cmake_prefix_path.dsv'
[0.449s] INFO:colcon.colcon_core.shell:Creating environment hook '/home/daniel-van-leeuwen/Robotic-Horse/ros2_ws/install/robotic_horse_description/share/robotic_horse_description/hook/cmake_prefix_path.sh'
[0.449s] Level 1:colcon.colcon_core.environment:checking '/home/daniel-van-leeuwen/Robotic-Horse/ros2_ws/install/robotic_horse_description/bin'
[0.449s] Level 1:colcon.colcon_core.environment:checking '/home/daniel-van-leeuwen/Robotic-Horse/ros2_ws/install/robotic_horse_description/lib/pkgconfig/robotic_horse_description.pc'
[0.450s] Level 1:colcon.colcon_core.environment:checking '/home/daniel-van-leeuwen/Robotic-Horse/ros2_ws/install/robotic_horse_description/lib/python3.12/site-packages'
[0.450s] Level 1:colcon.colcon_core.environment:checking '/home/daniel-van-leeuwen/Robotic-Horse/ros2_ws/install/robotic_horse_description/bin'
[0.450s] INFO:colcon.colcon_core.shell:Creating package script '/home/daniel-van-leeuwen/Robotic-Horse/ros2_ws/install/robotic_horse_description/share/robotic_horse_description/package.ps1'
[0.450s] INFO:colcon.colcon_core.shell:Creating package descriptor '/home/daniel-van-leeuwen/Robotic-Horse/ros2_ws/install/robotic_horse_description/share/robotic_horse_description/package.dsv'
[0.450s] INFO:colcon.colcon_core.shell:Creating package script '/home/daniel-van-leeuwen/Robotic-Horse/ros2_ws/install/robotic_horse_description/share/robotic_horse_description/package.sh'
[0.451s] INFO:colcon.colcon_core.shell:Creating package script '/home/daniel-van-leeuwen/Robotic-Horse/ros2_ws/install/robotic_horse_description/share/robotic_horse_description/package.bash'
[0.451s] INFO:colcon.colcon_core.shell:Creating package script '/home/daniel-van-leeuwen/Robotic-Horse/ros2_ws/install/robotic_horse_description/share/robotic_horse_description/package.zsh'
[0.451s] Level 1:colcon.colcon_core.environment:create_file_with_runtime_dependencies(/home/daniel-van-leeuwen/Robotic-Horse/ros2_ws/install/robotic_horse_description/share/colcon-core/packages/robotic_horse_description)
[0.451s] INFO:colcon.colcon_ros.task.ament_python.build:Building ROS package in '/home/daniel-van-leeuwen/Robotic-Horse/ros2_ws/src/robotic_horse_control' with build type 'ament_python'
[0.452s] Level 1:colcon.colcon_core.shell:create_environment_hook('robotic_horse_control', 'ament_prefix_path')
[0.452s] INFO:colcon.colcon_core.shell:Creating environment hook '/home/daniel-van-leeuwen/Robotic-Horse/ros2_ws/install/robotic_horse_control/share/robotic_horse_control/hook/ament_prefix_path.ps1'
[0.452s] INFO:colcon.colcon_core.shell:Creating environment descriptor '/home/daniel-van-leeuwen/Robotic-Horse/ros2_ws/install/robotic_horse_control/share/robotic_horse_control/hook/ament_prefix_path.dsv'
[0.452s] INFO:colcon.colcon_core.shell:Creating environment hook '/home/daniel-van-leeuwen/Robotic-Horse/ros2_ws/install/robotic_horse_control/share/robotic_horse_control/hook/ament_prefix_path.sh'
[0.453s] INFO:colcon.colcon_core.shell:Skip shell extension 'powershell' for command environment: Not usable outside of PowerShell
[0.453s] DEBUG:colcon.colcon_core.shell:Skip shell extension 'dsv' for command environment
[0.592s] INFO:colcon.colcon_core.task.python.build:Building Python package in '/home/daniel-van-leeuwen/Robotic-Horse/ros2_ws/src/robotic_horse_control'
[0.593s] INFO:colcon.colcon_core.shell:Skip shell extension 'powershell' for command environment: Not usable outside of PowerShell
[0.593s] DEBUG:colcon.colcon_core.shell:Skip shell extension 'dsv' for command environment
[0.970s] DEBUG:colcon.colcon_core.event_handler.log_command:Invoking command in '/home/daniel-van-leeuwen/Robotic-Horse/ros2_ws/build/robotic_horse_control': AMENT_PREFIX_PATH=/home/daniel-van-leeuwen/Robotic-Horse/ros2_ws/install/robotic_horse_description:${AMENT_PREFIX_PATH} CMAKE_PREFIX_PATH=/home/daniel-van-leeuwen/Robotic-Horse/ros2_ws/install/robotic_horse_description:${CMAKE_PREFIX_PATH} DEBUGINFOD_URLS=https://debuginfod.ubuntu.com PYTHONPATH=/home/daniel-van-leeuwen/Robotic-Horse/ros2_ws/build/robotic_horse_control/prefix_override:/usr/lib/python3/dist-packages/colcon_core/task/python/colcon_distutils_commands:/home/daniel-van-leeuwen/Robotic-Horse/ros2_ws/install/robotic_horse_control/lib/python3.12/site-packages:${PYTHONPATH} /usr/bin/python3 -W ignore:setup.py install is deprecated -W ignore:easy_install command is deprecated setup.py develop --editable --build-directory /home/daniel-van-leeuwen/Robotic-Horse/ros2_ws/build/robotic_horse_control/build --no-deps symlink_data
[1.378s] Level 1:colcon.colcon_core.shell:create_environment_hook('robotic_horse_control', 'pythonpath_develop')
[1.378s] INFO:colcon.colcon_core.shell:Creating environment hook '/home/daniel-van-leeuwen/Robotic-Horse/ros2_ws/build/robotic_horse_control/share/robotic_horse_control/hook/pythonpath_develop.ps1'
[1.378s] DEBUG:colcon.colcon_core.event_handler.log_command:Invoked command in '/home/daniel-van-leeuwen/Robotic-Horse/ros2_ws/build/robotic_horse_control' returned '0': AMENT_PREFIX_PATH=/home/daniel-van-leeuwen/Robotic-Horse/ros2_ws/install/robotic_horse_description:${AMENT_PREFIX_PATH} CMAKE_PREFIX_PATH=/home/daniel-van-leeuwen/Robotic-Horse/ros2_ws/install/robotic_horse_description:${CMAKE_PREFIX_PATH} DEBUGINFOD_URLS=https://debuginfod.ubuntu.com PYTHONPATH=/home/daniel-van-leeuwen/Robotic-Horse/ros2_ws/build/robotic_horse_control/prefix_override:/usr/lib/python3/dist-packages/colcon_core/task/python/colcon_distutils_commands:/home/daniel-van-leeuwen/Robotic-Horse/ros2_ws/install/robotic_horse_control/lib/python3.12/site-packages:${PYTHONPATH} /usr/bin/python3 -W ignore:setup.py install is deprecated -W ignore:easy_install command is deprecated setup.py develop --editable --build-directory /home/daniel-van-leeuwen/Robotic-Horse/ros2_ws/build/robotic_horse_control/build --no-deps symlink_data
[1.379s] INFO:colcon.colcon_core.shell:Creating environment descriptor '/home/daniel-van-leeuwen/Robotic-Horse/ros2_ws/build/robotic_horse_control/share/robotic_horse_control/hook/pythonpath_develop.dsv'
[1.379s] INFO:colcon.colcon_core.shell:Creating environment hook '/home/daniel-van-leeuwen/Robotic-Horse/ros2_ws/build/robotic_horse_control/share/robotic_horse_control/hook/pythonpath_develop.sh'
[1.379s] Level 1:colcon.colcon_core.environment:checking '/home/daniel-van-leeuwen/Robotic-Horse/ros2_ws/install/robotic_horse_control' for CMake module files
[1.380s] Level 1:colcon.colcon_core.environment:checking '/home/daniel-van-leeuwen/Robotic-Horse/ros2_ws/install/robotic_horse_control' for CMake config files
[1.380s] Level 1:colcon.colcon_core.environment:checking '/home/daniel-van-leeuwen/Robotic-Horse/ros2_ws/install/robotic_horse_control/lib'
[1.380s] Level 1:colcon.colcon_core.environment:checking '/home/daniel-van-leeuwen/Robotic-Horse/ros2_ws/install/robotic_horse_control/bin'
[1.380s] Level 1:colcon.colcon_core.environment:checking '/home/daniel-van-leeuwen/Robotic-Horse/ros2_ws/install/robotic_horse_control/lib/pkgconfig/robotic_horse_control.pc'
[1.380s] Level 1:colcon.colcon_core.environment:checking '/home/daniel-van-leeuwen/Robotic-Horse/ros2_ws/install/robotic_horse_control/lib/python3.12/site-packages'
[1.380s] Level 1:colcon.colcon_core.shell:create_environment_hook('robotic_horse_control', 'pythonpath')
[1.380s] INFO:colcon.colcon_core.shell:Creating environment hook '/home/daniel-van-leeuwen/Robotic-Horse/ros2_ws/install/robotic_horse_control/share/robotic_horse_control/hook/pythonpath.ps1'
[1.381s] INFO:colcon.colcon_core.shell:Creating environment descriptor '/home/daniel-van-leeuwen/Robotic-Horse/ros2_ws/install/robotic_horse_control/share/robotic_horse_control/hook/pythonpath.dsv'
[1.381s] INFO:colcon.colcon_core.shell:Creating environment hook '/home/daniel-van-leeuwen/Robotic-Horse/ros2_ws/install/robotic_horse_control/share/robotic_horse_control/hook/pythonpath.sh'
[1.381s] Level 1:colcon.colcon_core.environment:checking '/home/daniel-van-leeuwen/Robotic-Horse/ros2_ws/install/robotic_horse_control/bin'
[1.381s] Level 1:colcon.colcon_core.environment:create_environment_scripts_only(robotic_horse_control)
[1.382s] INFO:colcon.colcon_core.shell:Creating package script '/home/daniel-van-leeuwen/Robotic-Horse/ros2_ws/install/robotic_horse_control/share/robotic_horse_control/package.ps1'
[1.382s] INFO:colcon.colcon_core.shell:Creating package descriptor '/home/daniel-van-leeuwen/Robotic-Horse/ros2_ws/install/robotic_horse_control/share/robotic_horse_control/package.dsv'
[1.382s] INFO:colcon.colcon_core.shell:Creating package script '/home/daniel-van-leeuwen/Robotic-Horse/ros2_ws/install/robotic_horse_control/share/robotic_horse_control/package.sh'
[1.383s] INFO:colcon.colcon_core.shell:Creating package script '/home/daniel-van-leeuwen/Robotic-Horse/ros2_ws/install/robotic_horse_control/share/robotic_horse_control/package.bash'
[1.383s] INFO:colcon.colcon_core.shell:Creating package script '/home/daniel-van-leeuwen/Robotic-Horse/ros2_ws/install/robotic_horse_control/share/robotic_horse_control/package.zsh'
[1.383s] Level 1:colcon.colcon_core.environment:create_file_with_runtime_dependencies(/home/daniel-van-leeuwen/Robotic-Horse/ros2_ws/install/robotic_horse_control/share/colcon-core/packages/robotic_horse_control)
[1.383s] DEBUG:colcon.colcon_parallel_executor.executor.parallel:closing loop
[1.383s] DEBUG:colcon.colcon_parallel_executor.executor.parallel:loop closed
[1.383s] DEBUG:colcon.colcon_parallel_executor.executor.parallel:run_until_complete finished with '0'
[1.383s] DEBUG:colcon.colcon_core.event_reactor:joining thread
[1.387s] INFO:colcon.colcon_core.plugin_system:Skipping extension 'colcon_notification.desktop_notification.terminal_notifier': Not used on non-Darwin systems
[1.388s] INFO:colcon.colcon_core.plugin_system:Skipping extension 'colcon_notification.desktop_notification.win32': Not used on non-Windows systems
[1.388s] INFO:colcon.colcon_notification.desktop_notification:Sending desktop notification using 'notify2'
[1.398s] DEBUG:colcon.colcon_core.event_reactor:joined thread
[1.398s] INFO:colcon.colcon_core.shell:Creating prefix script '/home/daniel-van-leeuwen/Robotic-Horse/ros2_ws/install/local_setup.ps1'
[1.399s] INFO:colcon.colcon_core.shell:Creating prefix util module '/home/daniel-van-leeuwen/Robotic-Horse/ros2_ws/install/_local_setup_util_ps1.py'
[1.400s] INFO:colcon.colcon_core.shell:Creating prefix chain script '/home/daniel-van-leeuwen/Robotic-Horse/ros2_ws/install/setup.ps1'
[1.401s] INFO:colcon.colcon_core.shell:Creating prefix script '/home/daniel-van-leeuwen/Robotic-Horse/ros2_ws/install/local_setup.sh'
[1.402s] INFO:colcon.colcon_core.shell:Creating prefix util module '/home/daniel-van-leeuwen/Robotic-Horse/ros2_ws/install/_local_setup_util_sh.py'
[1.402s] INFO:colcon.colcon_core.shell:Creating prefix chain script '/home/daniel-van-leeuwen/Robotic-Horse/ros2_ws/install/setup.sh'
[1.403s] INFO:colcon.colcon_core.shell:Creating prefix script '/home/daniel-van-leeuwen/Robotic-Horse/ros2_ws/install/local_setup.bash'
[1.403s] INFO:colcon.colcon_core.shell:Creating prefix chain script '/home/daniel-van-leeuwen/Robotic-Horse/ros2_ws/install/setup.bash'
[1.404s] INFO:colcon.colcon_core.shell:Creating prefix script '/home/daniel-van-leeuwen/Robotic-Horse/ros2_ws/install/local_setup.zsh'
[1.404s] INFO:colcon.colcon_core.shell:Creating prefix chain script '/home/daniel-van-leeuwen/Robotic-Horse/ros2_ws/install/setup.zsh'
