[0.652s] Invoking command in '/home/daniel-van-leeuwen/Robotic-Horse/ros2_ws/build/robotic_horse_control': AMENT_PREFIX_PATH=/home/daniel-van-leeuwen/Robotic-Horse/ros2_ws/install/robotic_horse_description:${AMENT_PREFIX_PATH} CMAKE_PREFIX_PATH=/home/daniel-van-leeuwen/Robotic-Horse/ros2_ws/install/robotic_horse_description:${CMAKE_PREFIX_PATH} DEBUGINFOD_URLS=https://debuginfod.ubuntu.com PYTHONPATH=/home/daniel-van-leeuwen/Robotic-Horse/ros2_ws/build/robotic_horse_control/prefix_override:/usr/lib/python3/dist-packages/colcon_core/task/python/colcon_distutils_commands:/home/daniel-van-leeuwen/Robotic-Horse/ros2_ws/install/robotic_horse_control/lib/python3.12/site-packages:${PYTHONPATH} /usr/bin/python3 -W ignore:setup.py install is deprecated -W ignore:easy_install command is deprecated setup.py develop --editable --build-directory /home/daniel-van-leeuwen/Robotic-Horse/ros2_ws/build/robotic_horse_control/build --no-deps symlink_data
[0.908s] running develop
[1.070s] running egg_info
[1.086s] writing robotic_horse_control.egg-info/PKG-INFO
[1.086s] writing dependency_links to robotic_horse_control.egg-info/dependency_links.txt
[1.086s] writing entry points to robotic_horse_control.egg-info/entry_points.txt
[1.086s] writing requirements to robotic_horse_control.egg-info/requires.txt
[1.086s] writing top-level names to robotic_horse_control.egg-info/top_level.txt
[1.119s] reading manifest file 'robotic_horse_control.egg-info/SOURCES.txt'
[1.120s] writing manifest file 'robotic_horse_control.egg-info/SOURCES.txt'
[1.135s] running build_ext
[1.135s] Creating /home/daniel-van-leeuwen/Robotic-Horse/ros2_ws/install/robotic_horse_control/lib/python3.12/site-packages/robotic-horse-control.egg-link (link to .)
[1.136s] Installing blendspace_node script to /home/daniel-van-leeuwen/Robotic-Horse/ros2_ws/install/robotic_horse_control/lib/robotic_horse_control
[1.136s] Installing force_node script to /home/daniel-van-leeuwen/Robotic-Horse/ros2_ws/install/robotic_horse_control/lib/robotic_horse_control
[1.136s] Installing gait_node script to /home/daniel-van-leeuwen/Robotic-Horse/ros2_ws/install/robotic_horse_control/lib/robotic_horse_control
[1.136s] Installing teleop_key script to /home/daniel-van-leeuwen/Robotic-Horse/ros2_ws/install/robotic_horse_control/lib/robotic_horse_control
[1.137s] 
[1.137s] Installed /home/daniel-van-leeuwen/Robotic-Horse/ros2_ws/build/robotic_horse_control
[1.137s] running symlink_data
[1.163s] Invoked command in '/home/daniel-van-leeuwen/Robotic-Horse/ros2_ws/build/robotic_horse_control' returned '0': AMENT_PREFIX_PATH=/home/daniel-van-leeuwen/Robotic-Horse/ros2_ws/install/robotic_horse_description:${AMENT_PREFIX_PATH} CMAKE_PREFIX_PATH=/home/daniel-van-leeuwen/Robotic-Horse/ros2_ws/install/robotic_horse_description:${CMAKE_PREFIX_PATH} DEBUGINFOD_URLS=https://debuginfod.ubuntu.com PYTHONPATH=/home/daniel-van-leeuwen/Robotic-Horse/ros2_ws/build/robotic_horse_control/prefix_override:/usr/lib/python3/dist-packages/colcon_core/task/python/colcon_distutils_commands:/home/daniel-van-leeuwen/Robotic-Horse/ros2_ws/install/robotic_horse_control/lib/python3.12/site-packages:${PYTHONPATH} /usr/bin/python3 -W ignore:setup.py install is deprecated -W ignore:easy_install command is deprecated setup.py develop --editable --build-directory /home/daniel-van-leeuwen/Robotic-Horse/ros2_ws/build/robotic_horse_control/build --no-deps symlink_data
