[0.006s] Invoking command in '/home/daniel-van-leeuwen/Robotic-Horse/ros2_ws/build/robotic_horse_description': CMAKE_PREFIX_PATH=${CMAKE_PREFIX_PATH}:/opt/ros/jazzy DEBUGINFOD_URLS=https://debuginfod.ubuntu.com /usr/bin/cmake --build /home/daniel-van-leeuwen/Robotic-Horse/ros2_ws/build/robotic_horse_description -- -j8 -l8
[0.023s] -- Found ament_cmake: 2.5.4 (/opt/ros/jazzy/share/ament_cmake/cmake)
[0.166s] -- Override CMake install command with custom implementation using symlinks instead of copying resources
[0.238s] -- Configuring done (0.2s)
[0.240s] -- Generating done (0.0s)
[0.241s] -- Build files have been written to: /home/daniel-van-leeuwen/Robotic-Horse/ros2_ws/build/robotic_horse_description
[0.258s] Invoked command in '/home/daniel-van-leeuwen/Robotic-Horse/ros2_ws/build/robotic_horse_description' returned '0': CMAKE_PREFIX_PATH=${CMAKE_PREFIX_PATH}:/opt/ros/jazzy DEBUGINFOD_URLS=https://debuginfod.ubuntu.com /usr/bin/cmake --build /home/daniel-van-leeuwen/Robotic-Horse/ros2_ws/build/robotic_horse_description -- -j8 -l8
[0.265s] Invoking command in '/home/daniel-van-leeuwen/Robotic-Horse/ros2_ws/build/robotic_horse_description': CMAKE_PREFIX_PATH=${CMAKE_PREFIX_PATH}:/opt/ros/jazzy DEBUGINFOD_URLS=https://debuginfod.ubuntu.com /usr/bin/cmake --install /home/daniel-van-leeuwen/Robotic-Horse/ros2_ws/build/robotic_horse_description
[0.271s] -- Install configuration: ""
[0.272s] -- Execute custom install script
[0.272s] -- Up-to-date symlink: /home/daniel-van-leeuwen/Robotic-Horse/ros2_ws/install/robotic_horse_description/share/robotic_horse_description/urdf/robotic_horse.urdf
[0.272s] -- Up-to-date symlink: /home/daniel-van-leeuwen/Robotic-Horse/ros2_ws/install/robotic_horse_description/share/robotic_horse_description/urdf/robotic_horse.urdf.xacro
[0.272s] -- Up-to-date symlink: /home/daniel-van-leeuwen/Robotic-Horse/ros2_ws/install/robotic_horse_description/share/robotic_horse_description/launch/display.launch.py
[0.272s] -- Symlinking: /home/daniel-van-leeuwen/Robotic-Horse/ros2_ws/install/robotic_horse_description/share/robotic_horse_description/rviz/robotic_horse.rviz
[0.279s] -- Up-to-date symlink: /home/daniel-van-leeuwen/Robotic-Horse/ros2_ws/install/robotic_horse_description/share/ament_index/resource_index/package_run_dependencies/robotic_horse_description
[0.279s] -- Up-to-date symlink: /home/daniel-van-leeuwen/Robotic-Horse/ros2_ws/install/robotic_horse_description/share/ament_index/resource_index/parent_prefix_path/robotic_horse_description
[0.279s] -- Up-to-date symlink: /home/daniel-van-leeuwen/Robotic-Horse/ros2_ws/install/robotic_horse_description/share/robotic_horse_description/environment/ament_prefix_path.sh
[0.279s] -- Up-to-date symlink: /home/daniel-van-leeuwen/Robotic-Horse/ros2_ws/install/robotic_horse_description/share/robotic_horse_description/environment/ament_prefix_path.dsv
[0.279s] -- Up-to-date symlink: /home/daniel-van-leeuwen/Robotic-Horse/ros2_ws/install/robotic_horse_description/share/robotic_horse_description/environment/path.sh
[0.279s] -- Up-to-date symlink: /home/daniel-van-leeuwen/Robotic-Horse/ros2_ws/install/robotic_horse_description/share/robotic_horse_description/environment/path.dsv
[0.280s] -- Up-to-date symlink: /home/daniel-van-leeuwen/Robotic-Horse/ros2_ws/install/robotic_horse_description/share/robotic_horse_description/local_setup.bash
[0.280s] -- Up-to-date symlink: /home/daniel-van-leeuwen/Robotic-Horse/ros2_ws/install/robotic_horse_description/share/robotic_horse_description/local_setup.sh
[0.280s] -- Up-to-date symlink: /home/daniel-van-leeuwen/Robotic-Horse/ros2_ws/install/robotic_horse_description/share/robotic_horse_description/local_setup.zsh
[0.280s] -- Up-to-date symlink: /home/daniel-van-leeuwen/Robotic-Horse/ros2_ws/install/robotic_horse_description/share/robotic_horse_description/local_setup.dsv
[0.280s] -- Symlinking: /home/daniel-van-leeuwen/Robotic-Horse/ros2_ws/install/robotic_horse_description/share/robotic_horse_description/package.dsv
[0.286s] -- Up-to-date symlink: /home/daniel-van-leeuwen/Robotic-Horse/ros2_ws/install/robotic_horse_description/share/ament_index/resource_index/packages/robotic_horse_description
[0.286s] -- Up-to-date symlink: /home/daniel-van-leeuwen/Robotic-Horse/ros2_ws/install/robotic_horse_description/share/robotic_horse_description/cmake/robotic_horse_descriptionConfig.cmake
[0.286s] -- Up-to-date symlink: /home/daniel-van-leeuwen/Robotic-Horse/ros2_ws/install/robotic_horse_description/share/robotic_horse_description/cmake/robotic_horse_descriptionConfig-version.cmake
[0.286s] -- Up-to-date symlink: /home/daniel-van-leeuwen/Robotic-Horse/ros2_ws/install/robotic_horse_description/share/robotic_horse_description/package.xml
[0.288s] Invoked command in '/home/daniel-van-leeuwen/Robotic-Horse/ros2_ws/build/robotic_horse_description' returned '0': CMAKE_PREFIX_PATH=${CMAKE_PREFIX_PATH}:/opt/ros/jazzy DEBUGINFOD_URLS=https://debuginfod.ubuntu.com /usr/bin/cmake --install /home/daniel-van-leeuwen/Robotic-Horse/ros2_ws/build/robotic_horse_description
