[0.661s] Invoking command in '/home/daniel-van-leeuwen/Robotic-Horse/ros2_ws/build/robotic_horse_control': AMENT_PREFIX_PATH=/home/daniel-van-leeuwen/Robotic-Horse/ros2_ws/install/robotic_horse_description:${AMENT_PREFIX_PATH} CMAKE_PREFIX_PATH=/home/daniel-van-leeuwen/Robotic-Horse/ros2_ws/install/robotic_horse_description:${CMAKE_PREFIX_PATH} DEBUGINFOD_URLS=https://debuginfod.ubuntu.com PYTHONPATH=/home/daniel-van-leeuwen/Robotic-Horse/ros2_ws/build/robotic_horse_control/prefix_override:/usr/lib/python3/dist-packages/colcon_core/task/python/colcon_distutils_commands:/home/daniel-van-leeuwen/Robotic-Horse/ros2_ws/install/robotic_horse_control/lib/python3.12/site-packages:${PYTHONPATH} /usr/bin/python3 -W ignore:setup.py install is deprecated -W ignore:easy_install command is deprecated setup.py develop --editable --build-directory /home/daniel-van-leeuwen/Robotic-Horse/ros2_ws/build/robotic_horse_control/build --no-deps symlink_data
[0.933s] running develop
[1.098s] running egg_info
[1.113s] writing robotic_horse_control.egg-info/PKG-INFO
[1.113s] writing dependency_links to robotic_horse_control.egg-info/dependency_links.txt
[1.114s] writing entry points to robotic_horse_control.egg-info/entry_points.txt
[1.114s] writing requirements to robotic_horse_control.egg-info/requires.txt
[1.114s] writing top-level names to robotic_horse_control.egg-info/top_level.txt
[1.144s] reading manifest file 'robotic_horse_control.egg-info/SOURCES.txt'
[1.145s] writing manifest file 'robotic_horse_control.egg-info/SOURCES.txt'
[1.161s] running build_ext
[1.161s] Creating /home/daniel-van-leeuwen/Robotic-Horse/ros2_ws/install/robotic_horse_control/lib/python3.12/site-packages/robotic-horse-control.egg-link (link to .)
[1.162s] Installing blendspace_node script to /home/daniel-van-leeuwen/Robotic-Horse/ros2_ws/install/robotic_horse_control/lib/robotic_horse_control
[1.162s] Installing force_node script to /home/daniel-van-leeuwen/Robotic-Horse/ros2_ws/install/robotic_horse_control/lib/robotic_horse_control
[1.162s] Installing gait_node script to /home/daniel-van-leeuwen/Robotic-Horse/ros2_ws/install/robotic_horse_control/lib/robotic_horse_control
[1.162s] 
[1.162s] Installed /home/daniel-van-leeuwen/Robotic-Horse/ros2_ws/build/robotic_horse_control
[1.162s] running symlink_data
[1.163s] symbolically linking /home/daniel-van-leeuwen/Robotic-Horse/ros2_ws/build/robotic_horse_control/config/joint_state_broadcaster.yaml -> /home/daniel-van-leeuwen/Robotic-Horse/ros2_ws/install/robotic_horse_control/share/robotic_horse_control/config
[1.163s] symbolically linking /home/daniel-van-leeuwen/Robotic-Horse/ros2_ws/build/robotic_horse_control/config/leg_controller.yaml -> /home/daniel-van-leeuwen/Robotic-Horse/ros2_ws/install/robotic_horse_control/share/robotic_horse_control/config
[1.195s] Invoked command in '/home/daniel-van-leeuwen/Robotic-Horse/ros2_ws/build/robotic_horse_control' returned '0': AMENT_PREFIX_PATH=/home/daniel-van-leeuwen/Robotic-Horse/ros2_ws/install/robotic_horse_description:${AMENT_PREFIX_PATH} CMAKE_PREFIX_PATH=/home/daniel-van-leeuwen/Robotic-Horse/ros2_ws/install/robotic_horse_description:${CMAKE_PREFIX_PATH} DEBUGINFOD_URLS=https://debuginfod.ubuntu.com PYTHONPATH=/home/daniel-van-leeuwen/Robotic-Horse/ros2_ws/build/robotic_horse_control/prefix_override:/usr/lib/python3/dist-packages/colcon_core/task/python/colcon_distutils_commands:/home/daniel-van-leeuwen/Robotic-Horse/ros2_ws/install/robotic_horse_control/lib/python3.12/site-packages:${PYTHONPATH} /usr/bin/python3 -W ignore:setup.py install is deprecated -W ignore:easy_install command is deprecated setup.py develop --editable --build-directory /home/daniel-van-leeuwen/Robotic-Horse/ros2_ws/build/robotic_horse_control/build --no-deps symlink_data
