[0.497s] Invoking command in '/home/daniel-van-leeuwen/Robotic-Horse/ros2_ws/build/robotic_horse_control': AMENT_PREFIX_PATH=/home/daniel-van-leeuwen/Robotic-Horse/ros2_ws/install/robotic_horse_description:${AMENT_PREFIX_PATH} CMAKE_PREFIX_PATH=/home/daniel-van-leeuwen/Robotic-Horse/ros2_ws/install/robotic_horse_description:${CMAKE_PREFIX_PATH} DEBUGINFOD_URLS=https://debuginfod.ubuntu.com PYTHONPATH=/home/daniel-van-leeuwen/Robotic-Horse/ros2_ws/build/robotic_horse_control/prefix_override:/usr/lib/python3/dist-packages/colcon_core/task/python/colcon_distutils_commands:/home/daniel-van-leeuwen/Robotic-Horse/ros2_ws/install/robotic_horse_control/lib/python3.12/site-packages:${PYTHONPATH} /usr/bin/python3 -W ignore:setup.py install is deprecated -W ignore:easy_install command is deprecated setup.py develop --uninstall --editable --build-directory /home/daniel-van-leeuwen/Robotic-Horse/ros2_ws/build/robotic_horse_control/build
[0.681s] running develop
[0.801s] Removing /home/daniel-van-leeuwen/Robotic-Horse/ros2_ws/install/robotic_horse_control/lib/python3.12/site-packages/robotic-horse-control.egg-link (link to .)
[0.820s] Invoked command in '/home/daniel-van-leeuwen/Robotic-Horse/ros2_ws/build/robotic_horse_control' returned '0': AMENT_PREFIX_PATH=/home/daniel-van-leeuwen/Robotic-Horse/ros2_ws/install/robotic_horse_description:${AMENT_PREFIX_PATH} CMAKE_PREFIX_PATH=/home/daniel-van-leeuwen/Robotic-Horse/ros2_ws/install/robotic_horse_description:${CMAKE_PREFIX_PATH} DEBUGINFOD_URLS=https://debuginfod.ubuntu.com PYTHONPATH=/home/daniel-van-leeuwen/Robotic-Horse/ros2_ws/build/robotic_horse_control/prefix_override:/usr/lib/python3/dist-packages/colcon_core/task/python/colcon_distutils_commands:/home/daniel-van-leeuwen/Robotic-Horse/ros2_ws/install/robotic_horse_control/lib/python3.12/site-packages:${PYTHONPATH} /usr/bin/python3 -W ignore:setup.py install is deprecated -W ignore:easy_install command is deprecated setup.py develop --uninstall --editable --build-directory /home/daniel-van-leeuwen/Robotic-Horse/ros2_ws/build/robotic_horse_control/build
[0.821s] Invoking command in '/home/daniel-van-leeuwen/Robotic-Horse/ros2_ws/src/robotic_horse_control': AMENT_PREFIX_PATH=/home/daniel-van-leeuwen/Robotic-Horse/ros2_ws/install/robotic_horse_description:${AMENT_PREFIX_PATH} CMAKE_PREFIX_PATH=/home/daniel-van-leeuwen/Robotic-Horse/ros2_ws/install/robotic_horse_description:${CMAKE_PREFIX_PATH} DEBUGINFOD_URLS=https://debuginfod.ubuntu.com PYTHONPATH=/home/daniel-van-leeuwen/Robotic-Horse/ros2_ws/build/robotic_horse_control/prefix_override:/usr/lib/python3/dist-packages/colcon_core/task/python/colcon_distutils_commands:/home/daniel-van-leeuwen/Robotic-Horse/ros2_ws/install/robotic_horse_control/lib/python3.12/site-packages:${PYTHONPATH} /usr/bin/python3 -W ignore:setup.py install is deprecated -W ignore:easy_install command is deprecated setup.py egg_info --egg-base ../../build/robotic_horse_control build --build-base /home/daniel-van-leeuwen/Robotic-Horse/ros2_ws/build/robotic_horse_control/build install --record /home/daniel-van-leeuwen/Robotic-Horse/ros2_ws/build/robotic_horse_control/install.log --single-version-externally-managed install_data --force
[0.983s] running egg_info
[0.995s] writing ../../build/robotic_horse_control/robotic_horse_control.egg-info/PKG-INFO
[0.995s] writing dependency_links to ../../build/robotic_horse_control/robotic_horse_control.egg-info/dependency_links.txt
[0.995s] writing entry points to ../../build/robotic_horse_control/robotic_horse_control.egg-info/entry_points.txt
[0.995s] writing requirements to ../../build/robotic_horse_control/robotic_horse_control.egg-info/requires.txt
[0.995s] writing top-level names to ../../build/robotic_horse_control/robotic_horse_control.egg-info/top_level.txt
[1.018s] reading manifest file '../../build/robotic_horse_control/robotic_horse_control.egg-info/SOURCES.txt'
[1.019s] writing manifest file '../../build/robotic_horse_control/robotic_horse_control.egg-info/SOURCES.txt'
[1.019s] running build
[1.019s] running build_py
[1.019s] creating /home/daniel-van-leeuwen/Robotic-Horse/ros2_ws/build/robotic_horse_control/build
[1.019s] creating /home/daniel-van-leeuwen/Robotic-Horse/ros2_ws/build/robotic_horse_control/build/lib
[1.019s] creating /home/daniel-van-leeuwen/Robotic-Horse/ros2_ws/build/robotic_horse_control/build/lib/robotic_horse_control
[1.019s] copying robotic_horse_control/__init__.py -> /home/daniel-van-leeuwen/Robotic-Horse/ros2_ws/build/robotic_horse_control/build/lib/robotic_horse_control
[1.020s] copying robotic_horse_control/gait_node.py -> /home/daniel-van-leeuwen/Robotic-Horse/ros2_ws/build/robotic_horse_control/build/lib/robotic_horse_control
[1.020s] copying robotic_horse_control/force_node.py -> /home/daniel-van-leeuwen/Robotic-Horse/ros2_ws/build/robotic_horse_control/build/lib/robotic_horse_control
[1.020s] copying robotic_horse_control/blendspace_node.py -> /home/daniel-van-leeuwen/Robotic-Horse/ros2_ws/build/robotic_horse_control/build/lib/robotic_horse_control
[1.020s] copying robotic_horse_control/teleop_key.py -> /home/daniel-van-leeuwen/Robotic-Horse/ros2_ws/build/robotic_horse_control/build/lib/robotic_horse_control
[1.020s] running install
[1.024s] running install_lib
[1.036s] creating /home/daniel-van-leeuwen/Robotic-Horse/ros2_ws/install/robotic_horse_control/lib/python3.12/site-packages/robotic_horse_control
[1.036s] copying /home/daniel-van-leeuwen/Robotic-Horse/ros2_ws/build/robotic_horse_control/build/lib/robotic_horse_control/__init__.py -> /home/daniel-van-leeuwen/Robotic-Horse/ros2_ws/install/robotic_horse_control/lib/python3.12/site-packages/robotic_horse_control
[1.036s] copying /home/daniel-van-leeuwen/Robotic-Horse/ros2_ws/build/robotic_horse_control/build/lib/robotic_horse_control/gait_node.py -> /home/daniel-van-leeuwen/Robotic-Horse/ros2_ws/install/robotic_horse_control/lib/python3.12/site-packages/robotic_horse_control
[1.036s] copying /home/daniel-van-leeuwen/Robotic-Horse/ros2_ws/build/robotic_horse_control/build/lib/robotic_horse_control/force_node.py -> /home/daniel-van-leeuwen/Robotic-Horse/ros2_ws/install/robotic_horse_control/lib/python3.12/site-packages/robotic_horse_control
[1.036s] copying /home/daniel-van-leeuwen/Robotic-Horse/ros2_ws/build/robotic_horse_control/build/lib/robotic_horse_control/blendspace_node.py -> /home/daniel-van-leeuwen/Robotic-Horse/ros2_ws/install/robotic_horse_control/lib/python3.12/site-packages/robotic_horse_control
[1.036s] copying /home/daniel-van-leeuwen/Robotic-Horse/ros2_ws/build/robotic_horse_control/build/lib/robotic_horse_control/teleop_key.py -> /home/daniel-van-leeuwen/Robotic-Horse/ros2_ws/install/robotic_horse_control/lib/python3.12/site-packages/robotic_horse_control
[1.037s] byte-compiling /home/daniel-van-leeuwen/Robotic-Horse/ros2_ws/install/robotic_horse_control/lib/python3.12/site-packages/robotic_horse_control/__init__.py to __init__.cpython-312.pyc
[1.037s] byte-compiling /home/daniel-van-leeuwen/Robotic-Horse/ros2_ws/install/robotic_horse_control/lib/python3.12/site-packages/robotic_horse_control/gait_node.py to gait_node.cpython-312.pyc
[1.038s] byte-compiling /home/daniel-van-leeuwen/Robotic-Horse/ros2_ws/install/robotic_horse_control/lib/python3.12/site-packages/robotic_horse_control/force_node.py to force_node.cpython-312.pyc
[1.039s] byte-compiling /home/daniel-van-leeuwen/Robotic-Horse/ros2_ws/install/robotic_horse_control/lib/python3.12/site-packages/robotic_horse_control/blendspace_node.py to blendspace_node.cpython-312.pyc
[1.042s] byte-compiling /home/daniel-van-leeuwen/Robotic-Horse/ros2_ws/install/robotic_horse_control/lib/python3.12/site-packages/robotic_horse_control/teleop_key.py to teleop_key.cpython-312.pyc
[1.042s] running install_data
[1.042s] copying resource/robotic_horse_control -> /home/daniel-van-leeuwen/Robotic-Horse/ros2_ws/install/robotic_horse_control/share/ament_index/resource_index/packages
[1.043s] copying package.xml -> /home/daniel-van-leeuwen/Robotic-Horse/ros2_ws/install/robotic_horse_control/share/robotic_horse_control
[1.043s] copying launch/blendspace.launch.py -> /home/daniel-van-leeuwen/Robotic-Horse/ros2_ws/install/robotic_horse_control/share/robotic_horse_control/launch
[1.043s] copying launch/full_sim.launch.py -> /home/daniel-van-leeuwen/Robotic-Horse/ros2_ws/install/robotic_horse_control/share/robotic_horse_control/launch
[1.043s] copying launch/gazebo.launch.py -> /home/daniel-van-leeuwen/Robotic-Horse/ros2_ws/install/robotic_horse_control/share/robotic_horse_control/launch
[1.043s] copying launch/robot_control.launch.py -> /home/daniel-van-leeuwen/Robotic-Horse/ros2_ws/install/robotic_horse_control/share/robotic_horse_control/launch
[1.043s] copying config/joint_state_broadcaster.yaml -> /home/daniel-van-leeuwen/Robotic-Horse/ros2_ws/install/robotic_horse_control/share/robotic_horse_control/config
[1.043s] copying config/ros2_control.yaml -> /home/daniel-van-leeuwen/Robotic-Horse/ros2_ws/install/robotic_horse_control/share/robotic_horse_control/config
[1.043s] copying config/leg_controller.yaml -> /home/daniel-van-leeuwen/Robotic-Horse/ros2_ws/install/robotic_horse_control/share/robotic_horse_control/config
[1.043s] copying animations/walk_right.json -> /home/daniel-van-leeuwen/Robotic-Horse/ros2_ws/install/robotic_horse_control/share/robotic_horse_control/animations
[1.043s] copying animations/turn_left.json -> /home/daniel-van-leeuwen/Robotic-Horse/ros2_ws/install/robotic_horse_control/share/robotic_horse_control/animations
[1.043s] copying animations/idle.json -> /home/daniel-van-leeuwen/Robotic-Horse/ros2_ws/install/robotic_horse_control/share/robotic_horse_control/animations
[1.043s] copying animations/walk_left.json -> /home/daniel-van-leeuwen/Robotic-Horse/ros2_ws/install/robotic_horse_control/share/robotic_horse_control/animations
[1.043s] copying animations/walk_forward.json -> /home/daniel-van-leeuwen/Robotic-Horse/ros2_ws/install/robotic_horse_control/share/robotic_horse_control/animations
[1.043s] copying animations/turn_right.json -> /home/daniel-van-leeuwen/Robotic-Horse/ros2_ws/install/robotic_horse_control/share/robotic_horse_control/animations
[1.043s] copying animations/blendspace.yaml -> /home/daniel-van-leeuwen/Robotic-Horse/ros2_ws/install/robotic_horse_control/share/robotic_horse_control/animations
[1.043s] copying worlds/robotic_horse.world -> /home/daniel-van-leeuwen/Robotic-Horse/ros2_ws/install/robotic_horse_control/share/robotic_horse_control/worlds
[1.044s] running install_egg_info
[1.057s] Copying ../../build/robotic_horse_control/robotic_horse_control.egg-info to /home/daniel-van-leeuwen/Robotic-Horse/ros2_ws/install/robotic_horse_control/lib/python3.12/site-packages/robotic_horse_control-0.1.0-py3.12.egg-info
[1.057s] running install_scripts
[1.137s] Installing blendspace_node script to /home/daniel-van-leeuwen/Robotic-Horse/ros2_ws/install/robotic_horse_control/lib/robotic_horse_control
[1.137s] Installing force_node script to /home/daniel-van-leeuwen/Robotic-Horse/ros2_ws/install/robotic_horse_control/lib/robotic_horse_control
[1.137s] Installing gait_node script to /home/daniel-van-leeuwen/Robotic-Horse/ros2_ws/install/robotic_horse_control/lib/robotic_horse_control
[1.137s] Installing teleop_key script to /home/daniel-van-leeuwen/Robotic-Horse/ros2_ws/install/robotic_horse_control/lib/robotic_horse_control
[1.137s] writing list of installed files to '/home/daniel-van-leeuwen/Robotic-Horse/ros2_ws/build/robotic_horse_control/install.log'
[1.155s] Invoked command in '/home/daniel-van-leeuwen/Robotic-Horse/ros2_ws/src/robotic_horse_control' returned '0': AMENT_PREFIX_PATH=/home/daniel-van-leeuwen/Robotic-Horse/ros2_ws/install/robotic_horse_description:${AMENT_PREFIX_PATH} CMAKE_PREFIX_PATH=/home/daniel-van-leeuwen/Robotic-Horse/ros2_ws/install/robotic_horse_description:${CMAKE_PREFIX_PATH} DEBUGINFOD_URLS=https://debuginfod.ubuntu.com PYTHONPATH=/home/daniel-van-leeuwen/Robotic-Horse/ros2_ws/build/robotic_horse_control/prefix_override:/usr/lib/python3/dist-packages/colcon_core/task/python/colcon_distutils_commands:/home/daniel-van-leeuwen/Robotic-Horse/ros2_ws/install/robotic_horse_control/lib/python3.12/site-packages:${PYTHONPATH} /usr/bin/python3 -W ignore:setup.py install is deprecated -W ignore:easy_install command is deprecated setup.py egg_info --egg-base ../../build/robotic_horse_control build --build-base /home/daniel-van-leeuwen/Robotic-Horse/ros2_ws/build/robotic_horse_control/build install --record /home/daniel-van-leeuwen/Robotic-Horse/ros2_ws/build/robotic_horse_control/install.log --single-version-externally-managed install_data --force
