[0.006s] Invoking command in '/home/daniel-van-leeuwen/Robotic-Horse/ros2_ws/build/robotic_horse_description': CMAKE_PREFIX_PATH=${CMAKE_PREFIX_PATH}:/opt/ros/jazzy DEBUGINFOD_URLS=https://debuginfod.ubuntu.com /usr/bin/cmake /home/daniel-van-leeuwen/Robotic-Horse/ros2_ws/src/robotic_horse_description -DAMENT_CMAKE_SYMLINK_INSTALL=1 -DCMAKE_INSTALL_PREFIX=/home/daniel-van-leeuwen/Robotic-Horse/ros2_ws/install/robotic_horse_description
[0.078s] -- The C compiler identification is GNU 13.3.0
[0.121s] -- The CXX compiler identification is GNU 13.3.0
[0.135s] -- Detecting C compiler ABI info
[0.208s] -- Detecting C compiler ABI info - done
[0.214s] -- Check for working C compiler: /usr/bin/cc - skipped
[0.215s] -- Detecting C compile features
[0.215s] -- Detecting C compile features - done
[0.222s] -- Detecting CXX compiler ABI info
[0.295s] -- Detecting CXX compiler ABI info - done
[0.302s] -- Check for working CXX compiler: /usr/bin/c++ - skipped
[0.302s] -- Detecting CXX compile features
[0.302s] -- Detecting CXX compile features - done
[0.308s] -- Found ament_cmake: 2.5.4 (/opt/ros/jazzy/share/ament_cmake/cmake)
[0.415s] -- Found Python3: /usr/bin/python3 (found version "3.12.3") found components: Interpreter 
[0.471s] -- Override CMake install command with custom implementation using symlinks instead of copying resources
[0.578s] -- Configuring done (0.5s)
[0.580s] -- Generating done (0.0s)
[0.582s] -- Build files have been written to: /home/daniel-van-leeuwen/Robotic-Horse/ros2_ws/build/robotic_horse_description
[0.588s] Invoked command in '/home/daniel-van-leeuwen/Robotic-Horse/ros2_ws/build/robotic_horse_description' returned '0': CMAKE_PREFIX_PATH=${CMAKE_PREFIX_PATH}:/opt/ros/jazzy DEBUGINFOD_URLS=https://debuginfod.ubuntu.com /usr/bin/cmake /home/daniel-van-leeuwen/Robotic-Horse/ros2_ws/src/robotic_horse_description -DAMENT_CMAKE_SYMLINK_INSTALL=1 -DCMAKE_INSTALL_PREFIX=/home/daniel-van-leeuwen/Robotic-Horse/ros2_ws/install/robotic_horse_description
[0.589s] Invoking command in '/home/daniel-van-leeuwen/Robotic-Horse/ros2_ws/build/robotic_horse_description': CMAKE_PREFIX_PATH=${CMAKE_PREFIX_PATH}:/opt/ros/jazzy DEBUGINFOD_URLS=https://debuginfod.ubuntu.com /usr/bin/cmake --build /home/daniel-van-leeuwen/Robotic-Horse/ros2_ws/build/robotic_horse_description -- -j8 -l8
[0.624s] Invoked command in '/home/daniel-van-leeuwen/Robotic-Horse/ros2_ws/build/robotic_horse_description' returned '0': CMAKE_PREFIX_PATH=${CMAKE_PREFIX_PATH}:/opt/ros/jazzy DEBUGINFOD_URLS=https://debuginfod.ubuntu.com /usr/bin/cmake --build /home/daniel-van-leeuwen/Robotic-Horse/ros2_ws/build/robotic_horse_description -- -j8 -l8
[0.631s] Invoking command in '/home/daniel-van-leeuwen/Robotic-Horse/ros2_ws/build/robotic_horse_description': CMAKE_PREFIX_PATH=${CMAKE_PREFIX_PATH}:/opt/ros/jazzy DEBUGINFOD_URLS=https://debuginfod.ubuntu.com /usr/bin/cmake --install /home/daniel-van-leeuwen/Robotic-Horse/ros2_ws/build/robotic_horse_description
[0.637s] -- Install configuration: ""
[0.637s] -- Execute custom install script
[0.638s] -- Symlinking: /home/daniel-van-leeuwen/Robotic-Horse/ros2_ws/install/robotic_horse_description/share/robotic_horse_description/urdf/robotic_horse.urdf
[0.644s] -- Symlinking: /home/daniel-van-leeuwen/Robotic-Horse/ros2_ws/install/robotic_horse_description/share/robotic_horse_description/launch/display.launch.py
[0.651s] [31mCMake Error at ament_cmake_symlink_install/ament_cmake_symlink_install.cmake:100 (message):
[0.651s]   ament_cmake_symlink_install_directory() can't find
[0.651s]   '/home/daniel-van-leeuwen/Robotic-Horse/ros2_ws/src/robotic_horse_description/rviz'
[0.651s] Call Stack (most recent call first):
[0.651s]   ament_cmake_symlink_install/ament_cmake_symlink_install.cmake:314 (ament_cmake_symlink_install_directory)
[0.651s]   cmake_install.cmake:46 (include)
[0.651s] 
[0.651s] [0m
[0.652s] Invoked command in '/home/daniel-van-leeuwen/Robotic-Horse/ros2_ws/build/robotic_horse_description' returned '1': CMAKE_PREFIX_PATH=${CMAKE_PREFIX_PATH}:/opt/ros/jazzy DEBUGINFOD_URLS=https://debuginfod.ubuntu.com /usr/bin/cmake --install /home/daniel-van-leeuwen/Robotic-Horse/ros2_ws/build/robotic_horse_description
