[0.008s] Invoking command in '/home/daniel-van-leeuwen/Robotic-Horse/ros2_ws/build/robotic_horse_description': CMAKE_PREFIX_PATH=${CMAKE_PREFIX_PATH}:/opt/ros/jazzy DEBUGINFOD_URLS=https://debuginfod.ubuntu.com /usr/bin/cmake --build /home/daniel-van-leeuwen/Robotic-Horse/ros2_ws/build/robotic_horse_description -- -j8 -l8
[0.038s] Invoked command in '/home/daniel-van-leeuwen/Robotic-Horse/ros2_ws/build/robotic_horse_description' returned '0': CMAKE_PREFIX_PATH=${CMAKE_PREFIX_PATH}:/opt/ros/jazzy DEBUGINFOD_URLS=https://debuginfod.ubuntu.com /usr/bin/cmake --build /home/daniel-van-leeuwen/Robotic-Horse/ros2_ws/build/robotic_horse_description -- -j8 -l8
[0.045s] Invoking command in '/home/daniel-van-leeuwen/Robotic-Horse/ros2_ws/build/robotic_horse_description': CMAKE_PREFIX_PATH=${CMAKE_PREFIX_PATH}:/opt/ros/jazzy DEBUGINFOD_URLS=https://debuginfod.ubuntu.com /usr/bin/cmake --install /home/daniel-van-leeuwen/Robotic-Horse/ros2_ws/build/robotic_horse_description
[0.052s] -- Install configuration: ""
[0.052s] -- Execute custom install script
[0.052s] -- Up-to-date symlink: /home/daniel-van-leeuwen/Robotic-Horse/ros2_ws/install/robotic_horse_description/share/robotic_horse_description/urdf/robotic_horse.urdf
[0.052s] -- Up-to-date symlink: /home/daniel-van-leeuwen/Robotic-Horse/ros2_ws/install/robotic_horse_description/share/robotic_horse_description/urdf/robotic_horse.urdf.xacro
[0.053s] -- Up-to-date symlink: /home/daniel-van-leeuwen/Robotic-Horse/ros2_ws/install/robotic_horse_description/share/robotic_horse_description/launch/display.launch.py
[0.053s] -- Up-to-date symlink: /home/daniel-van-leeuwen/Robotic-Horse/ros2_ws/install/robotic_horse_description/share/robotic_horse_description/rviz/robotic_horse.rviz
[0.053s] -- Up-to-date symlink: /home/daniel-van-leeuwen/Robotic-Horse/ros2_ws/install/robotic_horse_description/share/ament_index/resource_index/package_run_dependencies/robotic_horse_description
[0.053s] -- Up-to-date symlink: /home/daniel-van-leeuwen/Robotic-Horse/ros2_ws/install/robotic_horse_description/share/ament_index/resource_index/parent_prefix_path/robotic_horse_description
[0.053s] -- Up-to-date symlink: /home/daniel-van-leeuwen/Robotic-Horse/ros2_ws/install/robotic_horse_description/share/robotic_horse_description/environment/ament_prefix_path.sh
[0.053s] -- Up-to-date symlink: /home/daniel-van-leeuwen/Robotic-Horse/ros2_ws/install/robotic_horse_description/share/robotic_horse_description/environment/ament_prefix_path.dsv
[0.054s] -- Up-to-date symlink: /home/daniel-van-leeuwen/Robotic-Horse/ros2_ws/install/robotic_horse_description/share/robotic_horse_description/environment/path.sh
[0.054s] -- Up-to-date symlink: /home/daniel-van-leeuwen/Robotic-Horse/ros2_ws/install/robotic_horse_description/share/robotic_horse_description/environment/path.dsv
[0.054s] -- Up-to-date symlink: /home/daniel-van-leeuwen/Robotic-Horse/ros2_ws/install/robotic_horse_description/share/robotic_horse_description/local_setup.bash
[0.054s] -- Up-to-date symlink: /home/daniel-van-leeuwen/Robotic-Horse/ros2_ws/install/robotic_horse_description/share/robotic_horse_description/local_setup.sh
[0.054s] -- Up-to-date symlink: /home/daniel-van-leeuwen/Robotic-Horse/ros2_ws/install/robotic_horse_description/share/robotic_horse_description/local_setup.zsh
[0.054s] -- Up-to-date symlink: /home/daniel-van-leeuwen/Robotic-Horse/ros2_ws/install/robotic_horse_description/share/robotic_horse_description/local_setup.dsv
[0.054s] -- Symlinking: /home/daniel-van-leeuwen/Robotic-Horse/ros2_ws/install/robotic_horse_description/share/robotic_horse_description/package.dsv
[0.062s] -- Up-to-date symlink: /home/daniel-van-leeuwen/Robotic-Horse/ros2_ws/install/robotic_horse_description/share/ament_index/resource_index/packages/robotic_horse_description
[0.062s] -- Up-to-date symlink: /home/daniel-van-leeuwen/Robotic-Horse/ros2_ws/install/robotic_horse_description/share/robotic_horse_description/cmake/robotic_horse_descriptionConfig.cmake
[0.062s] -- Up-to-date symlink: /home/daniel-van-leeuwen/Robotic-Horse/ros2_ws/install/robotic_horse_description/share/robotic_horse_description/cmake/robotic_horse_descriptionConfig-version.cmake
[0.062s] -- Up-to-date symlink: /home/daniel-van-leeuwen/Robotic-Horse/ros2_ws/install/robotic_horse_description/share/robotic_horse_description/package.xml
[0.064s] Invoked command in '/home/daniel-van-leeuwen/Robotic-Horse/ros2_ws/build/robotic_horse_description' returned '0': CMAKE_PREFIX_PATH=${CMAKE_PREFIX_PATH}:/opt/ros/jazzy DEBUGINFOD_URLS=https://debuginfod.ubuntu.com /usr/bin/cmake --install /home/daniel-van-leeuwen/Robotic-Horse/ros2_ws/build/robotic_horse_description
